<?xml version="1.0" encoding="UTF-8"?>
<!DOCTYPE plist PUBLIC "-//Apple//DTD PLIST 1.0//EN" "http://www.apple.com/DTDs/PropertyList-1.0.dtd">
<plist version="1.0">
<dict>
	<key>_reportPID</key>
	<integer>13099</integer>
	<key>_reportProcessName</key>
	<string>searchd</string>
	<key>_reportTime</key>
	<string>2026-02-23-18-10-11</string>
	<key>age_corespotlight_index</key>
	<integer>41408058</integer>
	<key>age_heartbeat</key>
	<integer>38554893</integer>
	<key>config_global</key>
	<integer>0</integer>
	<key>config_locale</key>
	<string>en_US</string>
	<key>config_ota_version</key>
	<string>133.4.6</string>
	<key>data_collection_error</key>
	<integer>0</integer>
	<key>index_a_age</key>
	<integer>6237726</integer>
	<key>index_a_config</key>
	<integer>0</integer>
	<key>index_a_count_add_journaled</key>
	<integer>8</integer>
	<key>index_a_count_add_processed</key>
	<integer>7</integer>
	<key>index_a_count_add_request</key>
	<integer>8</integer>
	<key>index_a_count_delete_journaled</key>
	<integer>13</integer>
	<key>index_a_count_delete_processed</key>
	<integer>6</integer>
	<key>index_a_count_delete_request</key>
	<integer>0</integer>
	<key>index_a_count_drop</key>
	<integer>0</integer>
	<key>index_a_count_drop_total</key>
	<integer>0</integer>
	<key>index_a_count_open_clean</key>
	<integer>0</integer>
	<key>index_a_count_open_dirty</key>
	<integer>0</integer>
	<key>index_a_count_update_journaled</key>
	<integer>0</integer>
	<key>index_a_count_update_processed</key>
	<integer>0</integer>
	<key>index_a_count_update_request</key>
	<integer>0</integer>
	<key>index_a_max_index_gen_merge_level</key>
	<integer>1</integer>
	<key>index_a_max_journal_file_bytes</key>
	<integer>6806</integer>
	<key>index_a_num_file</key>
	<integer>89</integer>
	<key>index_a_num_index_gen_compacted</key>
	<integer>1</integer>
	<key>index_a_num_index_gen_non_compacted</key>
	<integer>1</integer>
	<key>index_a_num_index_gen_read_only</key>
	<integer>1</integer>
	<key>index_a_num_index_gen_writeable</key>
	<integer>1</integer>
	<key>index_a_num_journal_file</key>
	<integer>3</integer>
	<key>index_a_num_object_sdb</key>
	<integer>821</integer>
	<key>index_a_sdb_file_size_bytes</key>
	<integer>5410816</integer>
	<key>index_a_sdb_shadow_file_size_bytes</key>
	<integer>5410816</integer>
	<key>index_a_size_bytes</key>
	<integer>12474030</integer>
	<key>index_a_time_since_last_open_clean</key>
	<integer>95490</integer>
	<key>index_a_time_since_last_open_dirty</key>
	<integer>192263</integer>
	<key>index_a_time_since_merge_vacuum_end</key>
	<integer>267087</integer>
	<key>index_a_time_since_merge_vacuum_start</key>
	<integer>267089</integer>
	<key>index_b_age</key>
	<integer>6227452</integer>
	<key>index_b_config</key>
	<integer>0</integer>
	<key>index_b_count_add_journaled</key>
	<integer>1</integer>
	<key>index_b_count_add_processed</key>
	<integer>0</integer>
	<key>index_b_count_add_request</key>
	<integer>1</integer>
	<key>index_b_count_delete_journaled</key>
	<integer>0</integer>
	<key>index_b_count_delete_processed</key>
	<integer>0</integer>
	<key>index_b_count_delete_request</key>
	<integer>0</integer>
	<key>index_b_count_drop</key>
	<integer>0</integer>
	<key>index_b_count_drop_total</key>
	<integer>0</integer>
	<key>index_b_count_open_clean</key>
	<integer>0</integer>
	<key>index_b_count_open_dirty</key>
	<integer>0</integer>
	<key>index_b_count_update_journaled</key>
	<integer>0</integer>
	<key>index_b_count_update_processed</key>
	<integer>0</integer>
	<key>index_b_count_update_request</key>
	<integer>0</integer>
	<key>index_b_max_index_gen_merge_level</key>
	<integer>1</integer>
	<key>index_b_max_journal_file_bytes</key>
	<integer>32</integer>
	<key>index_b_num_file</key>
	<integer>84</integer>
	<key>index_b_num_index_gen_compacted</key>
	<integer>1</integer>
	<key>index_b_num_index_gen_non_compacted</key>
	<integer>1</integer>
	<key>index_b_num_index_gen_read_only</key>
	<integer>1</integer>
	<key>index_b_num_index_gen_writeable</key>
	<integer>1</integer>
	<key>index_b_num_journal_file</key>
	<integer>1</integer>
	<key>index_b_num_object_sdb</key>
	<integer>2</integer>
	<key>index_b_sdb_file_size_bytes</key>
	<integer>36864</integer>
	<key>index_b_sdb_shadow_file_size_bytes</key>
	<integer>36864</integer>
	<key>index_b_size_bytes</key>
	<integer>1062469</integer>
	<key>index_b_time_since_last_open_clean</key>
	<integer>95490</integer>
	<key>index_b_time_since_merge_vacuum_end</key>
	<integer>1035098</integer>
	<key>index_b_time_since_merge_vacuum_start</key>
	<integer>1035100</integer>
	<key>index_c_age</key>
	<integer>6402301</integer>
	<key>index_c_config</key>
	<integer>0</integer>
	<key>index_c_count_add_journaled</key>
	<integer>364</integer>
	<key>index_c_count_add_processed</key>
	<integer>364</integer>
	<key>index_c_count_add_request</key>
	<integer>364</integer>
	<key>index_c_count_delete_journaled</key>
	<integer>154</integer>
	<key>index_c_count_delete_processed</key>
	<integer>62</integer>
	<key>index_c_count_delete_request</key>
	<integer>41</integer>
	<key>index_c_count_drop</key>
	<integer>0</integer>
	<key>index_c_count_drop_total</key>
	<integer>1</integer>
	<key>index_c_count_open_clean</key>
	<integer>0</integer>
	<key>index_c_count_open_dirty</key>
	<integer>0</integer>
	<key>index_c_count_update_journaled</key>
	<integer>3858</integer>
	<key>index_c_count_update_processed</key>
	<integer>3880</integer>
	<key>index_c_count_update_request</key>
	<integer>3858</integer>
	<key>index_c_max_index_gen_merge_level</key>
	<integer>1</integer>
	<key>index_c_max_journal_file_bytes</key>
	<integer>831</integer>
	<key>index_c_num_file</key>
	<integer>128</integer>
	<key>index_c_num_index_gen_compacted</key>
	<integer>1</integer>
	<key>index_c_num_index_gen_non_compacted</key>
	<integer>3</integer>
	<key>index_c_num_index_gen_read_only</key>
	<integer>3</integer>
	<key>index_c_num_index_gen_writeable</key>
	<integer>1</integer>
	<key>index_c_num_journal_file</key>
	<integer>3</integer>
	<key>index_c_num_object_sdb</key>
	<integer>141870</integer>
	<key>index_c_sdb_file_size_bytes</key>
	<integer>82137088</integer>
	<key>index_c_sdb_shadow_file_size_bytes</key>
	<integer>82137088</integer>
	<key>index_c_size_bytes</key>
	<integer>371458904</integer>
	<key>index_c_time_since_last_open_clean</key>
	<integer>520769</integer>
	<key>index_c_time_since_last_open_dirty</key>
	<integer>95489</integer>
	<key>index_c_time_since_merge_vacuum_end</key>
	<integer>267523</integer>
	<key>index_c_time_since_merge_vacuum_start</key>
	<integer>267627</integer>
	<key>index_cx_age</key>
	<integer>6227452</integer>
	<key>index_cx_config</key>
	<integer>0</integer>
	<key>index_cx_count_add_journaled</key>
	<integer>1</integer>
	<key>index_cx_count_add_processed</key>
	<integer>0</integer>
	<key>index_cx_count_add_request</key>
	<integer>1</integer>
	<key>index_cx_count_delete_journaled</key>
	<integer>0</integer>
	<key>index_cx_count_delete_processed</key>
	<integer>0</integer>
	<key>index_cx_count_delete_request</key>
	<integer>0</integer>
	<key>index_cx_count_drop</key>
	<integer>0</integer>
	<key>index_cx_count_drop_total</key>
	<integer>0</integer>
	<key>index_cx_count_open_clean</key>
	<integer>0</integer>
	<key>index_cx_count_open_dirty</key>
	<integer>0</integer>
	<key>index_cx_count_update_journaled</key>
	<integer>0</integer>
	<key>index_cx_count_update_processed</key>
	<integer>0</integer>
	<key>index_cx_count_update_request</key>
	<integer>0</integer>
	<key>index_cx_max_index_gen_merge_level</key>
	<integer>1</integer>
	<key>index_cx_max_journal_file_bytes</key>
	<integer>2918</integer>
	<key>index_cx_num_file</key>
	<integer>86</integer>
	<key>index_cx_num_index_gen_compacted</key>
	<integer>1</integer>
	<key>index_cx_num_index_gen_non_compacted</key>
	<integer>1</integer>
	<key>index_cx_num_index_gen_read_only</key>
	<integer>1</integer>
	<key>index_cx_num_index_gen_writeable</key>
	<integer>1</integer>
	<key>index_cx_num_journal_file</key>
	<integer>3</integer>
	<key>index_cx_num_object_sdb</key>
	<integer>2</integer>
	<key>index_cx_sdb_file_size_bytes</key>
	<integer>36864</integer>
	<key>index_cx_sdb_shadow_file_size_bytes</key>
	<integer>36864</integer>
	<key>index_cx_size_bytes</key>
	<integer>1065419</integer>
	<key>index_cx_time_since_last_open_clean</key>
	<integer>95490</integer>
	<key>index_cx_time_since_merge_vacuum_end</key>
	<integer>267626</integer>
	<key>index_cx_time_since_merge_vacuum_start</key>
	<integer>267628</integer>
	<key>index_mail_age</key>
	<integer>6358911</integer>
	<key>index_mail_config</key>
	<integer>0</integer>
	<key>index_mail_count_add_journaled</key>
	<integer>1</integer>
	<key>index_mail_count_add_processed</key>
	<integer>0</integer>
	<key>index_mail_count_add_request</key>
	<integer>1</integer>
	<key>index_mail_count_delete_journaled</key>
	<integer>0</integer>
	<key>index_mail_count_delete_processed</key>
	<integer>0</integer>
	<key>index_mail_count_delete_request</key>
	<integer>0</integer>
	<key>index_mail_count_drop</key>
	<integer>0</integer>
	<key>index_mail_count_open_clean</key>
	<integer>0</integer>
	<key>index_mail_count_open_dirty</key>
	<integer>0</integer>
	<key>index_mail_count_update_journaled</key>
	<integer>0</integer>
	<key>index_mail_count_update_processed</key>
	<integer>0</integer>
	<key>index_mail_count_update_request</key>
	<integer>0</integer>
	<key>index_mail_max_index_gen_merge_level</key>
	<integer>1</integer>
	<key>index_mail_max_journal_file_bytes</key>
	<integer>2918</integer>
	<key>index_mail_num_file</key>
	<integer>86</integer>
	<key>index_mail_num_index_gen_compacted</key>
	<integer>1</integer>
	<key>index_mail_num_index_gen_non_compacted</key>
	<integer>1</integer>
	<key>index_mail_num_index_gen_read_only</key>
	<integer>1</integer>
	<key>index_mail_num_index_gen_writeable</key>
	<integer>1</integer>
	<key>index_mail_num_journal_file</key>
	<integer>3</integer>
	<key>index_mail_num_object_sdb</key>
	<integer>2</integer>
	<key>index_mail_sdb_file_size_bytes</key>
	<integer>36864</integer>
	<key>index_mail_sdb_shadow_file_size_bytes</key>
	<integer>36864</integer>
	<key>index_mail_size_bytes</key>
	<integer>1065426</integer>
	<key>index_mail_time_since_last_open_clean</key>
	<integer>95490</integer>
	<key>index_mail_time_since_merge_vacuum_end</key>
	<integer>267626</integer>
	<key>index_mail_time_since_merge_vacuum_start</key>
	<integer>267628</integer>
	<key>index_priority_age</key>
	<integer>6402295</integer>
	<key>index_priority_config</key>
	<integer>0</integer>
	<key>index_priority_count_add_journaled</key>
	<integer>26</integer>
	<key>index_priority_count_add_processed</key>
	<integer>25</integer>
	<key>index_priority_count_add_request</key>
	<integer>26</integer>
	<key>index_priority_count_delete_journaled</key>
	<integer>3</integer>
	<key>index_priority_count_delete_processed</key>
	<integer>0</integer>
	<key>index_priority_count_delete_request</key>
	<integer>3</integer>
	<key>index_priority_count_drop</key>
	<integer>0</integer>
	<key>index_priority_count_drop_total</key>
	<integer>0</integer>
	<key>index_priority_count_open_clean</key>
	<integer>0</integer>
	<key>index_priority_count_open_dirty</key>
	<integer>0</integer>
	<key>index_priority_count_update_journaled</key>
	<integer>1029</integer>
	<key>index_priority_count_update_processed</key>
	<integer>968</integer>
	<key>index_priority_count_update_request</key>
	<integer>1023</integer>
	<key>index_priority_max_index_gen_merge_level</key>
	<integer>1</integer>
	<key>index_priority_max_journal_file_bytes</key>
	<integer>180577</integer>
	<key>index_priority_num_file</key>
	<integer>110</integer>
	<key>index_priority_num_index_gen_compacted</key>
	<integer>1</integer>
	<key>index_priority_num_index_gen_non_compacted</key>
	<integer>2</integer>
	<key>index_priority_num_index_gen_read_only</key>
	<integer>2</integer>
	<key>index_priority_num_index_gen_writeable</key>
	<integer>1</integer>
	<key>index_priority_num_journal_file</key>
	<integer>3</integer>
	<key>index_priority_num_object_sdb</key>
	<integer>3484</integer>
	<key>index_priority_sdb_file_size_bytes</key>
	<integer>1691648</integer>
	<key>index_priority_sdb_shadow_file_size_bytes</key>
	<integer>1691648</integer>
	<key>index_priority_size_bytes</key>
	<integer>17373944</integer>
	<key>index_priority_time_since_last_open_clean</key>
	<integer>95490</integer>
	<key>index_priority_time_since_last_open_dirty</key>
	<integer>192263</integer>
	<key>index_priority_time_since_merge_end</key>
	<integer>278380</integer>
	<key>index_priority_time_since_merge_start</key>
	<integer>278389</integer>
	<key>index_priority_time_since_merge_vacuum_end</key>
	<integer>267577</integer>
	<key>index_priority_time_since_merge_vacuum_start</key>
	<integer>267617</integer>
	<key>system_fs_free_space_bytes</key>
	<integer>14925672448</integer>
	<key>system_fs_mount_flags</key>
	<integer>343969944</integer>
	<key>system_fs_total_space_bytes</key>
	<integer>255866785792</integer>
	<key>system_fs_type</key>
	<string>apfs</string>
	<key>system_total_ram_gb</key>
	<integer>4</integer>
	<key>system_volume_flags</key>
	<integer>18296925792237518977</integer>
	<key>time_since_last_heartbeat</key>
	<integer>11548</integer>
	<key>time_since_launch_1</key>
	<integer>95490</integer>
	<key>time_since_launch_2</key>
	<integer>115129</integer>
	<key>time_since_launch_3</key>
	<integer>121972</integer>
	<key>time_since_software_update</key>
	<integer>1545032</integer>
	<key>version_build</key>
	<string>23D127</string>
	<key>version_build_previous</key>
	<string>23C71</string>
	<key>version_spotlight</key>
	<string>2400.22</string>
	<key>version_spotlight_previous</key>
	<string>2400.18.100</string>
	<key>version_train_previous</key>
	<string>23C71</string>
</dict>
</plist>
