<?xml version="1.0" encoding="UTF-8"?>
<!DOCTYPE plist PUBLIC "-//Apple//DTD PLIST 1.0//EN" "http://www.apple.com/DTDs/PropertyList-1.0.dtd">
<plist version="1.0">
<dict>
	<key>_reportPID</key>
	<integer>35165</integer>
	<key>_reportProcessName</key>
	<string>searchd</string>
	<key>_reportTime</key>
	<string>2026-02-24-13-04-56</string>
	<key>age_corespotlight_index</key>
	<integer>41476135</integer>
	<key>age_heartbeat</key>
	<integer>38622970</integer>
	<key>config_global</key>
	<integer>0</integer>
	<key>config_locale</key>
	<string>en_US</string>
	<key>config_ota_version</key>
	<string>133.4.6</string>
	<key>data_collection_error</key>
	<integer>0</integer>
	<key>index_a_age</key>
	<integer>6305803</integer>
	<key>index_a_config</key>
	<integer>0</integer>
	<key>index_a_count_add_journaled</key>
	<integer>8</integer>
	<key>index_a_count_add_processed</key>
	<integer>8</integer>
	<key>index_a_count_add_request</key>
	<integer>8</integer>
	<key>index_a_count_delete_journaled</key>
	<integer>17</integer>
	<key>index_a_count_delete_processed</key>
	<integer>5</integer>
	<key>index_a_count_delete_request</key>
	<integer>0</integer>
	<key>index_a_count_drop</key>
	<integer>0</integer>
	<key>index_a_count_drop_total</key>
	<integer>0</integer>
	<key>index_a_count_open_clean</key>
	<integer>0</integer>
	<key>index_a_count_open_dirty</key>
	<integer>0</integer>
	<key>index_a_count_update_journaled</key>
	<integer>0</integer>
	<key>index_a_count_update_processed</key>
	<integer>0</integer>
	<key>index_a_count_update_request</key>
	<integer>0</integer>
	<key>index_a_max_index_gen_merge_level</key>
	<integer>1</integer>
	<key>index_a_max_journal_file_bytes</key>
	<integer>16906</integer>
	<key>index_a_num_file</key>
	<integer>94</integer>
	<key>index_a_num_index_gen_compacted</key>
	<integer>1</integer>
	<key>index_a_num_index_gen_non_compacted</key>
	<integer>1</integer>
	<key>index_a_num_index_gen_read_only</key>
	<integer>1</integer>
	<key>index_a_num_index_gen_writeable</key>
	<integer>1</integer>
	<key>index_a_num_journal_file</key>
	<integer>3</integer>
	<key>index_a_num_object_sdb</key>
	<integer>824</integer>
	<key>index_a_sdb_file_size_bytes</key>
	<integer>5410816</integer>
	<key>index_a_sdb_shadow_file_size_bytes</key>
	<integer>5410816</integer>
	<key>index_a_size_bytes</key>
	<integer>12188597</integer>
	<key>index_a_time_since_last_open_clean</key>
	<integer>37422</integer>
	<key>index_a_time_since_last_open_dirty</key>
	<integer>260340</integer>
	<key>index_a_time_since_merge_vacuum_end</key>
	<integer>2341</integer>
	<key>index_a_time_since_merge_vacuum_start</key>
	<integer>2343</integer>
	<key>index_b_age</key>
	<integer>6295529</integer>
	<key>index_b_config</key>
	<integer>0</integer>
	<key>index_b_count_add_journaled</key>
	<integer>0</integer>
	<key>index_b_count_add_processed</key>
	<integer>0</integer>
	<key>index_b_count_add_request</key>
	<integer>0</integer>
	<key>index_b_count_delete_journaled</key>
	<integer>4</integer>
	<key>index_b_count_delete_processed</key>
	<integer>0</integer>
	<key>index_b_count_delete_request</key>
	<integer>0</integer>
	<key>index_b_count_drop</key>
	<integer>0</integer>
	<key>index_b_count_drop_total</key>
	<integer>0</integer>
	<key>index_b_count_open_clean</key>
	<integer>0</integer>
	<key>index_b_count_open_dirty</key>
	<integer>0</integer>
	<key>index_b_count_update_journaled</key>
	<integer>0</integer>
	<key>index_b_count_update_processed</key>
	<integer>0</integer>
	<key>index_b_count_update_request</key>
	<integer>0</integer>
	<key>index_b_max_index_gen_merge_level</key>
	<integer>1</integer>
	<key>index_b_max_journal_file_bytes</key>
	<integer>683</integer>
	<key>index_b_num_file</key>
	<integer>86</integer>
	<key>index_b_num_index_gen_compacted</key>
	<integer>1</integer>
	<key>index_b_num_index_gen_non_compacted</key>
	<integer>1</integer>
	<key>index_b_num_index_gen_read_only</key>
	<integer>1</integer>
	<key>index_b_num_index_gen_writeable</key>
	<integer>1</integer>
	<key>index_b_num_journal_file</key>
	<integer>3</integer>
	<key>index_b_num_object_sdb</key>
	<integer>2</integer>
	<key>index_b_sdb_file_size_bytes</key>
	<integer>36864</integer>
	<key>index_b_sdb_shadow_file_size_bytes</key>
	<integer>36864</integer>
	<key>index_b_size_bytes</key>
	<integer>1063152</integer>
	<key>index_b_time_since_last_open_clean</key>
	<integer>37422</integer>
	<key>index_b_time_since_merge_vacuum_end</key>
	<integer>1103175</integer>
	<key>index_b_time_since_merge_vacuum_start</key>
	<integer>1103177</integer>
	<key>index_c_age</key>
	<integer>6470378</integer>
	<key>index_c_config</key>
	<integer>0</integer>
	<key>index_c_count_add_journaled</key>
	<integer>239</integer>
	<key>index_c_count_add_processed</key>
	<integer>172</integer>
	<key>index_c_count_add_request</key>
	<integer>172</integer>
	<key>index_c_count_delete_journaled</key>
	<integer>28</integer>
	<key>index_c_count_delete_processed</key>
	<integer>1</integer>
	<key>index_c_count_delete_request</key>
	<integer>23</integer>
	<key>index_c_count_drop</key>
	<integer>0</integer>
	<key>index_c_count_drop_total</key>
	<integer>1</integer>
	<key>index_c_count_open_clean</key>
	<integer>0</integer>
	<key>index_c_count_open_dirty</key>
	<integer>0</integer>
	<key>index_c_count_update_journaled</key>
	<integer>17</integer>
	<key>index_c_count_update_processed</key>
	<integer>119</integer>
	<key>index_c_count_update_request</key>
	<integer>17</integer>
	<key>index_c_max_index_gen_merge_level</key>
	<integer>1</integer>
	<key>index_c_max_journal_file_bytes</key>
	<integer>52278</integer>
	<key>index_c_num_file</key>
	<integer>127</integer>
	<key>index_c_num_index_gen_compacted</key>
	<integer>1</integer>
	<key>index_c_num_index_gen_non_compacted</key>
	<integer>3</integer>
	<key>index_c_num_index_gen_read_only</key>
	<integer>3</integer>
	<key>index_c_num_index_gen_writeable</key>
	<integer>1</integer>
	<key>index_c_num_journal_file</key>
	<integer>3</integer>
	<key>index_c_num_object_sdb</key>
	<integer>142035</integer>
	<key>index_c_sdb_file_size_bytes</key>
	<integer>82530304</integer>
	<key>index_c_sdb_shadow_file_size_bytes</key>
	<integer>82530304</integer>
	<key>index_c_size_bytes</key>
	<integer>374739290</integer>
	<key>index_c_time_since_last_open_clean</key>
	<integer>37422</integer>
	<key>index_c_time_since_last_open_dirty</key>
	<integer>163566</integer>
	<key>index_c_time_since_merge_vacuum_end</key>
	<integer>335600</integer>
	<key>index_c_time_since_merge_vacuum_start</key>
	<integer>335704</integer>
	<key>index_cx_age</key>
	<integer>6295529</integer>
	<key>index_cx_config</key>
	<integer>0</integer>
	<key>index_cx_count_add_journaled</key>
	<integer>0</integer>
	<key>index_cx_count_add_processed</key>
	<integer>0</integer>
	<key>index_cx_count_add_request</key>
	<integer>0</integer>
	<key>index_cx_count_delete_journaled</key>
	<integer>4</integer>
	<key>index_cx_count_delete_processed</key>
	<integer>0</integer>
	<key>index_cx_count_delete_request</key>
	<integer>0</integer>
	<key>index_cx_count_drop</key>
	<integer>0</integer>
	<key>index_cx_count_drop_total</key>
	<integer>0</integer>
	<key>index_cx_count_open_clean</key>
	<integer>0</integer>
	<key>index_cx_count_open_dirty</key>
	<integer>0</integer>
	<key>index_cx_count_update_journaled</key>
	<integer>0</integer>
	<key>index_cx_count_update_processed</key>
	<integer>0</integer>
	<key>index_cx_count_update_request</key>
	<integer>0</integer>
	<key>index_cx_max_index_gen_merge_level</key>
	<integer>1</integer>
	<key>index_cx_max_journal_file_bytes</key>
	<integer>683</integer>
	<key>index_cx_num_file</key>
	<integer>86</integer>
	<key>index_cx_num_index_gen_compacted</key>
	<integer>1</integer>
	<key>index_cx_num_index_gen_non_compacted</key>
	<integer>1</integer>
	<key>index_cx_num_index_gen_read_only</key>
	<integer>1</integer>
	<key>index_cx_num_index_gen_writeable</key>
	<integer>1</integer>
	<key>index_cx_num_journal_file</key>
	<integer>3</integer>
	<key>index_cx_num_object_sdb</key>
	<integer>2</integer>
	<key>index_cx_sdb_file_size_bytes</key>
	<integer>36864</integer>
	<key>index_cx_sdb_shadow_file_size_bytes</key>
	<integer>36864</integer>
	<key>index_cx_size_bytes</key>
	<integer>1063152</integer>
	<key>index_cx_time_since_last_open_clean</key>
	<integer>37422</integer>
	<key>index_cx_time_since_merge_vacuum_end</key>
	<integer>335703</integer>
	<key>index_cx_time_since_merge_vacuum_start</key>
	<integer>335705</integer>
	<key>index_mail_age</key>
	<integer>6426988</integer>
	<key>index_mail_config</key>
	<integer>0</integer>
	<key>index_mail_count_add_journaled</key>
	<integer>0</integer>
	<key>index_mail_count_add_processed</key>
	<integer>0</integer>
	<key>index_mail_count_add_request</key>
	<integer>0</integer>
	<key>index_mail_count_delete_journaled</key>
	<integer>4</integer>
	<key>index_mail_count_delete_processed</key>
	<integer>0</integer>
	<key>index_mail_count_delete_request</key>
	<integer>0</integer>
	<key>index_mail_count_drop</key>
	<integer>0</integer>
	<key>index_mail_count_open_clean</key>
	<integer>0</integer>
	<key>index_mail_count_open_dirty</key>
	<integer>0</integer>
	<key>index_mail_count_update_journaled</key>
	<integer>0</integer>
	<key>index_mail_count_update_processed</key>
	<integer>0</integer>
	<key>index_mail_count_update_request</key>
	<integer>0</integer>
	<key>index_mail_max_index_gen_merge_level</key>
	<integer>1</integer>
	<key>index_mail_max_journal_file_bytes</key>
	<integer>683</integer>
	<key>index_mail_num_file</key>
	<integer>86</integer>
	<key>index_mail_num_index_gen_compacted</key>
	<integer>1</integer>
	<key>index_mail_num_index_gen_non_compacted</key>
	<integer>1</integer>
	<key>index_mail_num_index_gen_read_only</key>
	<integer>1</integer>
	<key>index_mail_num_index_gen_writeable</key>
	<integer>1</integer>
	<key>index_mail_num_journal_file</key>
	<integer>3</integer>
	<key>index_mail_num_object_sdb</key>
	<integer>2</integer>
	<key>index_mail_sdb_file_size_bytes</key>
	<integer>36864</integer>
	<key>index_mail_sdb_shadow_file_size_bytes</key>
	<integer>36864</integer>
	<key>index_mail_size_bytes</key>
	<integer>1063159</integer>
	<key>index_mail_time_since_last_open_clean</key>
	<integer>37422</integer>
	<key>index_mail_time_since_merge_vacuum_end</key>
	<integer>335703</integer>
	<key>index_mail_time_since_merge_vacuum_start</key>
	<integer>335705</integer>
	<key>index_priority_age</key>
	<integer>6470372</integer>
	<key>index_priority_config</key>
	<integer>0</integer>
	<key>index_priority_count_add_journaled</key>
	<integer>181</integer>
	<key>index_priority_count_add_processed</key>
	<integer>181</integer>
	<key>index_priority_count_add_request</key>
	<integer>181</integer>
	<key>index_priority_count_delete_journaled</key>
	<integer>81</integer>
	<key>index_priority_count_delete_processed</key>
	<integer>33</integer>
	<key>index_priority_count_delete_request</key>
	<integer>44</integer>
	<key>index_priority_count_drop</key>
	<integer>0</integer>
	<key>index_priority_count_drop_total</key>
	<integer>0</integer>
	<key>index_priority_count_open_clean</key>
	<integer>0</integer>
	<key>index_priority_count_open_dirty</key>
	<integer>0</integer>
	<key>index_priority_count_update_journaled</key>
	<integer>835</integer>
	<key>index_priority_count_update_processed</key>
	<integer>836</integer>
	<key>index_priority_count_update_request</key>
	<integer>828</integer>
	<key>index_priority_max_index_gen_merge_level</key>
	<integer>1</integer>
	<key>index_priority_max_journal_file_bytes</key>
	<integer>348746</integer>
	<key>index_priority_num_file</key>
	<integer>128</integer>
	<key>index_priority_num_index_gen_compacted</key>
	<integer>1</integer>
	<key>index_priority_num_index_gen_non_compacted</key>
	<integer>3</integer>
	<key>index_priority_num_index_gen_read_only</key>
	<integer>3</integer>
	<key>index_priority_num_index_gen_writeable</key>
	<integer>1</integer>
	<key>index_priority_num_journal_file</key>
	<integer>3</integer>
	<key>index_priority_num_object_sdb</key>
	<integer>3440</integer>
	<key>index_priority_sdb_file_size_bytes</key>
	<integer>1708032</integer>
	<key>index_priority_sdb_shadow_file_size_bytes</key>
	<integer>1708032</integer>
	<key>index_priority_size_bytes</key>
	<integer>21095071</integer>
	<key>index_priority_time_since_last_open_clean</key>
	<integer>37422</integer>
	<key>index_priority_time_since_last_open_dirty</key>
	<integer>260340</integer>
	<key>index_priority_time_since_merge_end</key>
	<integer>346457</integer>
	<key>index_priority_time_since_merge_start</key>
	<integer>346466</integer>
	<key>index_priority_time_since_merge_vacuum_end</key>
	<integer>335654</integer>
	<key>index_priority_time_since_merge_vacuum_start</key>
	<integer>335694</integer>
	<key>system_fs_free_space_bytes</key>
	<integer>19593994240</integer>
	<key>system_fs_mount_flags</key>
	<integer>343969944</integer>
	<key>system_fs_total_space_bytes</key>
	<integer>255866785792</integer>
	<key>system_fs_type</key>
	<string>apfs</string>
	<key>system_total_ram_gb</key>
	<integer>4</integer>
	<key>system_volume_flags</key>
	<integer>18296925792237518977</integer>
	<key>time_since_last_heartbeat</key>
	<integer>13225</integer>
	<key>time_since_launch_1</key>
	<integer>37422</integer>
	<key>time_since_launch_2</key>
	<integer>163567</integer>
	<key>time_since_launch_3</key>
	<integer>183206</integer>
	<key>time_since_software_update</key>
	<integer>1613109</integer>
	<key>version_build</key>
	<string>23D127</string>
	<key>version_build_previous</key>
	<string>23C71</string>
	<key>version_spotlight</key>
	<string>2400.22</string>
	<key>version_spotlight_previous</key>
	<string>2400.18.100</string>
	<key>version_train_previous</key>
	<string>23C71</string>
</dict>
</plist>
