<?xml version="1.0" encoding="UTF-8"?>
<!DOCTYPE plist PUBLIC "-//Apple//DTD PLIST 1.0//EN" "http://www.apple.com/DTDs/PropertyList-1.0.dtd">
<plist version="1.0">
<dict>
	<key>_reportPID</key>
	<integer>11350</integer>
	<key>_reportProcessName</key>
	<string>searchd</string>
	<key>_reportTime</key>
	<string>2026-04-06-10-49-52</string>
	<key>age_corespotlight_index</key>
	<integer>45006838</integer>
	<key>age_heartbeat</key>
	<integer>42153673</integer>
	<key>config_global</key>
	<integer>0</integer>
	<key>config_locale</key>
	<string>en_US</string>
	<key>config_ota_version</key>
	<string>133.4.6</string>
	<key>data_collection_error</key>
	<integer>0</integer>
	<key>index_a_age</key>
	<integer>9836506</integer>
	<key>index_a_config</key>
	<integer>0</integer>
	<key>index_a_count_add_journaled</key>
	<integer>15</integer>
	<key>index_a_count_add_processed</key>
	<integer>21</integer>
	<key>index_a_count_add_request</key>
	<integer>3</integer>
	<key>index_a_count_delete_journaled</key>
	<integer>36</integer>
	<key>index_a_count_delete_processed</key>
	<integer>18</integer>
	<key>index_a_count_delete_request</key>
	<integer>0</integer>
	<key>index_a_count_drop</key>
	<integer>0</integer>
	<key>index_a_count_drop_total</key>
	<integer>0</integer>
	<key>index_a_count_open_clean</key>
	<integer>1</integer>
	<key>index_a_count_open_dirty</key>
	<integer>1</integer>
	<key>index_a_count_update_journaled</key>
	<integer>0</integer>
	<key>index_a_count_update_processed</key>
	<integer>0</integer>
	<key>index_a_count_update_request</key>
	<integer>0</integer>
	<key>index_a_max_index_gen_merge_level</key>
	<integer>1</integer>
	<key>index_a_max_journal_file_bytes</key>
	<integer>32</integer>
	<key>index_a_num_file</key>
	<integer>89</integer>
	<key>index_a_num_index_gen_compacted</key>
	<integer>1</integer>
	<key>index_a_num_index_gen_non_compacted</key>
	<integer>1</integer>
	<key>index_a_num_index_gen_read_only</key>
	<integer>1</integer>
	<key>index_a_num_index_gen_writeable</key>
	<integer>1</integer>
	<key>index_a_num_journal_file</key>
	<integer>1</integer>
	<key>index_a_num_object_sdb</key>
	<integer>227</integer>
	<key>index_a_sdb_file_size_bytes</key>
	<integer>1462272</integer>
	<key>index_a_sdb_shadow_file_size_bytes</key>
	<integer>1462272</integer>
	<key>index_a_size_bytes</key>
	<integer>4489343</integer>
	<key>index_a_time_since_last_open_clean</key>
	<integer>4399</integer>
	<key>index_a_time_since_last_open_dirty</key>
	<integer>6873</integer>
	<key>index_a_time_since_merge_vacuum_end</key>
	<integer>218218</integer>
	<key>index_a_time_since_merge_vacuum_start</key>
	<integer>218219</integer>
	<key>index_b_age</key>
	<integer>9826232</integer>
	<key>index_b_config</key>
	<integer>0</integer>
	<key>index_b_count_add_journaled</key>
	<integer>0</integer>
	<key>index_b_count_add_processed</key>
	<integer>0</integer>
	<key>index_b_count_add_request</key>
	<integer>0</integer>
	<key>index_b_count_delete_journaled</key>
	<integer>0</integer>
	<key>index_b_count_delete_processed</key>
	<integer>0</integer>
	<key>index_b_count_delete_request</key>
	<integer>0</integer>
	<key>index_b_count_drop</key>
	<integer>0</integer>
	<key>index_b_count_drop_total</key>
	<integer>0</integer>
	<key>index_b_count_open_clean</key>
	<integer>2</integer>
	<key>index_b_count_open_dirty</key>
	<integer>0</integer>
	<key>index_b_count_update_journaled</key>
	<integer>0</integer>
	<key>index_b_count_update_processed</key>
	<integer>0</integer>
	<key>index_b_count_update_request</key>
	<integer>0</integer>
	<key>index_b_max_index_gen_merge_level</key>
	<integer>1</integer>
	<key>index_b_max_journal_file_bytes</key>
	<integer>32</integer>
	<key>index_b_num_file</key>
	<integer>84</integer>
	<key>index_b_num_index_gen_compacted</key>
	<integer>1</integer>
	<key>index_b_num_index_gen_non_compacted</key>
	<integer>1</integer>
	<key>index_b_num_index_gen_read_only</key>
	<integer>1</integer>
	<key>index_b_num_index_gen_writeable</key>
	<integer>1</integer>
	<key>index_b_num_journal_file</key>
	<integer>1</integer>
	<key>index_b_num_object_sdb</key>
	<integer>2</integer>
	<key>index_b_sdb_file_size_bytes</key>
	<integer>36864</integer>
	<key>index_b_sdb_shadow_file_size_bytes</key>
	<integer>36864</integer>
	<key>index_b_size_bytes</key>
	<integer>1062471</integer>
	<key>index_b_time_since_last_open_clean</key>
	<integer>4399</integer>
	<key>index_b_time_since_merge_vacuum_end</key>
	<integer>1670993</integer>
	<key>index_b_time_since_merge_vacuum_start</key>
	<integer>1671082</integer>
	<key>index_c_age</key>
	<integer>10001081</integer>
	<key>index_c_config</key>
	<integer>0</integer>
	<key>index_c_count_add_journaled</key>
	<integer>253</integer>
	<key>index_c_count_add_processed</key>
	<integer>218</integer>
	<key>index_c_count_add_request</key>
	<integer>96</integer>
	<key>index_c_count_delete_journaled</key>
	<integer>239</integer>
	<key>index_c_count_delete_processed</key>
	<integer>114</integer>
	<key>index_c_count_delete_request</key>
	<integer>0</integer>
	<key>index_c_count_drop</key>
	<integer>0</integer>
	<key>index_c_count_drop_total</key>
	<integer>1</integer>
	<key>index_c_count_open_clean</key>
	<integer>1</integer>
	<key>index_c_count_open_dirty</key>
	<integer>1</integer>
	<key>index_c_count_update_journaled</key>
	<integer>405</integer>
	<key>index_c_count_update_processed</key>
	<integer>874</integer>
	<key>index_c_count_update_request</key>
	<integer>16</integer>
	<key>index_c_max_index_gen_merge_level</key>
	<integer>1</integer>
	<key>index_c_max_journal_file_bytes</key>
	<integer>52817</integer>
	<key>index_c_num_file</key>
	<integer>108</integer>
	<key>index_c_num_index_gen_compacted</key>
	<integer>1</integer>
	<key>index_c_num_index_gen_non_compacted</key>
	<integer>2</integer>
	<key>index_c_num_index_gen_read_only</key>
	<integer>2</integer>
	<key>index_c_num_index_gen_writeable</key>
	<integer>1</integer>
	<key>index_c_num_journal_file</key>
	<integer>3</integer>
	<key>index_c_num_object_sdb</key>
	<integer>145996</integer>
	<key>index_c_sdb_file_size_bytes</key>
	<integer>94261248</integer>
	<key>index_c_sdb_shadow_file_size_bytes</key>
	<integer>94261248</integer>
	<key>index_c_size_bytes</key>
	<integer>359125474</integer>
	<key>index_c_time_since_last_open_clean</key>
	<integer>6311</integer>
	<key>index_c_time_since_last_open_dirty</key>
	<integer>6873</integer>
	<key>index_c_time_since_merge_end</key>
	<integer>591866</integer>
	<key>index_c_time_since_merge_start</key>
	<integer>591870</integer>
	<key>index_c_time_since_merge_vacuum_end</key>
	<integer>217821</integer>
	<key>index_c_time_since_merge_vacuum_start</key>
	<integer>217913</integer>
	<key>index_cx_age</key>
	<integer>9826232</integer>
	<key>index_cx_config</key>
	<integer>0</integer>
	<key>index_cx_count_add_journaled</key>
	<integer>0</integer>
	<key>index_cx_count_add_processed</key>
	<integer>0</integer>
	<key>index_cx_count_add_request</key>
	<integer>0</integer>
	<key>index_cx_count_delete_journaled</key>
	<integer>0</integer>
	<key>index_cx_count_delete_processed</key>
	<integer>0</integer>
	<key>index_cx_count_delete_request</key>
	<integer>0</integer>
	<key>index_cx_count_drop</key>
	<integer>0</integer>
	<key>index_cx_count_drop_total</key>
	<integer>0</integer>
	<key>index_cx_count_open_clean</key>
	<integer>2</integer>
	<key>index_cx_count_open_dirty</key>
	<integer>0</integer>
	<key>index_cx_count_update_journaled</key>
	<integer>0</integer>
	<key>index_cx_count_update_processed</key>
	<integer>0</integer>
	<key>index_cx_count_update_request</key>
	<integer>0</integer>
	<key>index_cx_max_index_gen_merge_level</key>
	<integer>1</integer>
	<key>index_cx_max_journal_file_bytes</key>
	<integer>32</integer>
	<key>index_cx_num_file</key>
	<integer>84</integer>
	<key>index_cx_num_index_gen_compacted</key>
	<integer>1</integer>
	<key>index_cx_num_index_gen_non_compacted</key>
	<integer>1</integer>
	<key>index_cx_num_index_gen_read_only</key>
	<integer>1</integer>
	<key>index_cx_num_index_gen_writeable</key>
	<integer>1</integer>
	<key>index_cx_num_journal_file</key>
	<integer>1</integer>
	<key>index_cx_num_object_sdb</key>
	<integer>2</integer>
	<key>index_cx_sdb_file_size_bytes</key>
	<integer>36864</integer>
	<key>index_cx_sdb_shadow_file_size_bytes</key>
	<integer>36864</integer>
	<key>index_cx_size_bytes</key>
	<integer>1062471</integer>
	<key>index_cx_time_since_last_open_clean</key>
	<integer>4400</integer>
	<key>index_cx_time_since_merge_vacuum_end</key>
	<integer>217916</integer>
	<key>index_cx_time_since_merge_vacuum_start</key>
	<integer>217923</integer>
	<key>index_mail_age</key>
	<integer>9957691</integer>
	<key>index_mail_config</key>
	<integer>0</integer>
	<key>index_mail_count_add_journaled</key>
	<integer>0</integer>
	<key>index_mail_count_add_processed</key>
	<integer>0</integer>
	<key>index_mail_count_add_request</key>
	<integer>0</integer>
	<key>index_mail_count_delete_journaled</key>
	<integer>0</integer>
	<key>index_mail_count_delete_processed</key>
	<integer>0</integer>
	<key>index_mail_count_delete_request</key>
	<integer>0</integer>
	<key>index_mail_count_drop</key>
	<integer>0</integer>
	<key>index_mail_count_open_clean</key>
	<integer>2</integer>
	<key>index_mail_count_open_dirty</key>
	<integer>0</integer>
	<key>index_mail_count_update_journaled</key>
	<integer>0</integer>
	<key>index_mail_count_update_processed</key>
	<integer>0</integer>
	<key>index_mail_count_update_request</key>
	<integer>0</integer>
	<key>index_mail_max_index_gen_merge_level</key>
	<integer>1</integer>
	<key>index_mail_max_journal_file_bytes</key>
	<integer>96</integer>
	<key>index_mail_num_file</key>
	<integer>84</integer>
	<key>index_mail_num_index_gen_compacted</key>
	<integer>1</integer>
	<key>index_mail_num_index_gen_non_compacted</key>
	<integer>1</integer>
	<key>index_mail_num_index_gen_read_only</key>
	<integer>1</integer>
	<key>index_mail_num_index_gen_writeable</key>
	<integer>1</integer>
	<key>index_mail_num_journal_file</key>
	<integer>1</integer>
	<key>index_mail_num_object_sdb</key>
	<integer>2</integer>
	<key>index_mail_sdb_file_size_bytes</key>
	<integer>36864</integer>
	<key>index_mail_sdb_shadow_file_size_bytes</key>
	<integer>36864</integer>
	<key>index_mail_size_bytes</key>
	<integer>1062479</integer>
	<key>index_mail_time_since_last_open_clean</key>
	<integer>6311</integer>
	<key>index_mail_time_since_last_open_dirty</key>
	<integer>1549677</integer>
	<key>index_mail_time_since_merge_vacuum_end</key>
	<integer>217911</integer>
	<key>index_mail_time_since_merge_vacuum_start</key>
	<integer>217912</integer>
	<key>index_priority_age</key>
	<integer>10001075</integer>
	<key>index_priority_config</key>
	<integer>0</integer>
	<key>index_priority_count_add_journaled</key>
	<integer>318</integer>
	<key>index_priority_count_add_processed</key>
	<integer>318</integer>
	<key>index_priority_count_add_request</key>
	<integer>132</integer>
	<key>index_priority_count_delete_journaled</key>
	<integer>16</integer>
	<key>index_priority_count_delete_processed</key>
	<integer>0</integer>
	<key>index_priority_count_delete_request</key>
	<integer>6</integer>
	<key>index_priority_count_drop</key>
	<integer>0</integer>
	<key>index_priority_count_drop_total</key>
	<integer>0</integer>
	<key>index_priority_count_open_clean</key>
	<integer>1</integer>
	<key>index_priority_count_open_dirty</key>
	<integer>1</integer>
	<key>index_priority_count_update_journaled</key>
	<integer>1218</integer>
	<key>index_priority_count_update_processed</key>
	<integer>1220</integer>
	<key>index_priority_count_update_request</key>
	<integer>398</integer>
	<key>index_priority_max_index_gen_merge_level</key>
	<integer>1</integer>
	<key>index_priority_max_journal_file_bytes</key>
	<integer>15058</integer>
	<key>index_priority_num_file</key>
	<integer>109</integer>
	<key>index_priority_num_index_gen_compacted</key>
	<integer>1</integer>
	<key>index_priority_num_index_gen_non_compacted</key>
	<integer>2</integer>
	<key>index_priority_num_index_gen_read_only</key>
	<integer>2</integer>
	<key>index_priority_num_index_gen_writeable</key>
	<integer>1</integer>
	<key>index_priority_num_journal_file</key>
	<integer>3</integer>
	<key>index_priority_num_object_sdb</key>
	<integer>3036</integer>
	<key>index_priority_sdb_file_size_bytes</key>
	<integer>1642496</integer>
	<key>index_priority_sdb_shadow_file_size_bytes</key>
	<integer>1642496</integer>
	<key>index_priority_size_bytes</key>
	<integer>13563658</integer>
	<key>index_priority_time_since_last_open_clean</key>
	<integer>6873</integer>
	<key>index_priority_time_since_last_open_dirty</key>
	<integer>6311</integer>
	<key>index_priority_time_since_merge_end</key>
	<integer>305987</integer>
	<key>index_priority_time_since_merge_start</key>
	<integer>306002</integer>
	<key>index_priority_time_since_merge_vacuum_end</key>
	<integer>217883</integer>
	<key>index_priority_time_since_merge_vacuum_start</key>
	<integer>217888</integer>
	<key>system_fs_free_space_bytes</key>
	<integer>10830979072</integer>
	<key>system_fs_mount_flags</key>
	<integer>343969944</integer>
	<key>system_fs_total_space_bytes</key>
	<integer>255866785792</integer>
	<key>system_fs_type</key>
	<string>apfs</string>
	<key>system_total_ram_gb</key>
	<integer>4</integer>
	<key>system_volume_flags</key>
	<integer>18296925792237518977</integer>
	<key>time_since_last_heartbeat</key>
	<integer>12745</integer>
	<key>time_since_launch_1</key>
	<integer>6312</integer>
	<key>time_since_launch_2</key>
	<integer>6874</integer>
	<key>time_since_launch_3</key>
	<integer>13400</integer>
	<key>time_since_software_update</key>
	<integer>3323545</integer>
	<key>version_build</key>
	<string>23D8133</string>
	<key>version_build_previous</key>
	<string>23D127</string>
	<key>version_spotlight</key>
	<string>2400.22</string>
	<key>version_spotlight_previous</key>
	<string>2400.18.100</string>
	<key>version_train_previous</key>
	<string>23D127</string>
</dict>
</plist>
