<?xml version="1.0" encoding="UTF-8"?>
<!DOCTYPE plist PUBLIC "-//Apple//DTD PLIST 1.0//EN" "http://www.apple.com/DTDs/PropertyList-1.0.dtd">
<plist version="1.0">
<dict>
	<key>_reportPID</key>
	<integer>12473</integer>
	<key>_reportProcessName</key>
	<string>searchd</string>
	<key>_reportTime</key>
	<string>2026-03-08-17-29-59</string>
	<key>age_corespotlight_index</key>
	<integer>42525246</integer>
	<key>age_heartbeat</key>
	<integer>39672081</integer>
	<key>config_global</key>
	<integer>0</integer>
	<key>config_locale</key>
	<string>en_US</string>
	<key>config_ota_version</key>
	<string>133.4.6</string>
	<key>data_collection_error</key>
	<integer>0</integer>
	<key>index_a_age</key>
	<integer>7354914</integer>
	<key>index_a_config</key>
	<integer>0</integer>
	<key>index_a_count_add_journaled</key>
	<integer>8</integer>
	<key>index_a_count_add_processed</key>
	<integer>8</integer>
	<key>index_a_count_add_request</key>
	<integer>8</integer>
	<key>index_a_count_delete_journaled</key>
	<integer>16</integer>
	<key>index_a_count_delete_processed</key>
	<integer>8</integer>
	<key>index_a_count_delete_request</key>
	<integer>0</integer>
	<key>index_a_count_drop</key>
	<integer>0</integer>
	<key>index_a_count_drop_total</key>
	<integer>0</integer>
	<key>index_a_count_open_clean</key>
	<integer>0</integer>
	<key>index_a_count_open_dirty</key>
	<integer>0</integer>
	<key>index_a_count_update_journaled</key>
	<integer>0</integer>
	<key>index_a_count_update_processed</key>
	<integer>0</integer>
	<key>index_a_count_update_request</key>
	<integer>0</integer>
	<key>index_a_max_index_gen_merge_level</key>
	<integer>1</integer>
	<key>index_a_max_journal_file_bytes</key>
	<integer>32</integer>
	<key>index_a_num_file</key>
	<integer>89</integer>
	<key>index_a_num_index_gen_compacted</key>
	<integer>1</integer>
	<key>index_a_num_index_gen_non_compacted</key>
	<integer>1</integer>
	<key>index_a_num_index_gen_read_only</key>
	<integer>1</integer>
	<key>index_a_num_index_gen_writeable</key>
	<integer>1</integer>
	<key>index_a_num_journal_file</key>
	<integer>1</integer>
	<key>index_a_num_object_sdb</key>
	<integer>630</integer>
	<key>index_a_sdb_file_size_bytes</key>
	<integer>5099520</integer>
	<key>index_a_sdb_shadow_file_size_bytes</key>
	<integer>5099520</integer>
	<key>index_a_size_bytes</key>
	<integer>12639398</integer>
	<key>index_a_time_since_last_open_clean</key>
	<integer>72844</integer>
	<key>index_a_time_since_last_open_dirty</key>
	<integer>118890</integer>
	<key>index_a_time_since_merge_vacuum_end</key>
	<integer>1051452</integer>
	<key>index_a_time_since_merge_vacuum_start</key>
	<integer>1051454</integer>
	<key>index_b_age</key>
	<integer>7344640</integer>
	<key>index_b_config</key>
	<integer>0</integer>
	<key>index_b_count_add_journaled</key>
	<integer>0</integer>
	<key>index_b_count_add_processed</key>
	<integer>0</integer>
	<key>index_b_count_add_request</key>
	<integer>0</integer>
	<key>index_b_count_delete_journaled</key>
	<integer>0</integer>
	<key>index_b_count_delete_processed</key>
	<integer>0</integer>
	<key>index_b_count_delete_request</key>
	<integer>0</integer>
	<key>index_b_count_drop</key>
	<integer>0</integer>
	<key>index_b_count_drop_total</key>
	<integer>0</integer>
	<key>index_b_count_open_clean</key>
	<integer>0</integer>
	<key>index_b_count_open_dirty</key>
	<integer>0</integer>
	<key>index_b_count_update_journaled</key>
	<integer>0</integer>
	<key>index_b_count_update_processed</key>
	<integer>0</integer>
	<key>index_b_count_update_request</key>
	<integer>0</integer>
	<key>index_b_max_index_gen_merge_level</key>
	<integer>1</integer>
	<key>index_b_max_journal_file_bytes</key>
	<integer>32</integer>
	<key>index_b_num_file</key>
	<integer>84</integer>
	<key>index_b_num_index_gen_compacted</key>
	<integer>1</integer>
	<key>index_b_num_index_gen_non_compacted</key>
	<integer>1</integer>
	<key>index_b_num_index_gen_read_only</key>
	<integer>1</integer>
	<key>index_b_num_index_gen_writeable</key>
	<integer>1</integer>
	<key>index_b_num_journal_file</key>
	<integer>1</integer>
	<key>index_b_num_object_sdb</key>
	<integer>2</integer>
	<key>index_b_sdb_file_size_bytes</key>
	<integer>36864</integer>
	<key>index_b_sdb_shadow_file_size_bytes</key>
	<integer>36864</integer>
	<key>index_b_size_bytes</key>
	<integer>1062469</integer>
	<key>index_b_time_since_last_open_clean</key>
	<integer>72844</integer>
	<key>index_b_time_since_merge_vacuum_end</key>
	<integer>1047347</integer>
	<key>index_b_time_since_merge_vacuum_start</key>
	<integer>1049108</integer>
	<key>index_c_age</key>
	<integer>7519489</integer>
	<key>index_c_config</key>
	<integer>0</integer>
	<key>index_c_count_add_journaled</key>
	<integer>43</integer>
	<key>index_c_count_add_processed</key>
	<integer>43</integer>
	<key>index_c_count_add_request</key>
	<integer>43</integer>
	<key>index_c_count_delete_journaled</key>
	<integer>9</integer>
	<key>index_c_count_delete_processed</key>
	<integer>0</integer>
	<key>index_c_count_delete_request</key>
	<integer>9</integer>
	<key>index_c_count_drop</key>
	<integer>0</integer>
	<key>index_c_count_drop_total</key>
	<integer>1</integer>
	<key>index_c_count_open_clean</key>
	<integer>0</integer>
	<key>index_c_count_open_dirty</key>
	<integer>0</integer>
	<key>index_c_count_update_journaled</key>
	<integer>1620</integer>
	<key>index_c_count_update_processed</key>
	<integer>1628</integer>
	<key>index_c_count_update_request</key>
	<integer>1620</integer>
	<key>index_c_max_index_gen_merge_level</key>
	<integer>1</integer>
	<key>index_c_max_journal_file_bytes</key>
	<integer>32</integer>
	<key>index_c_num_file</key>
	<integer>184</integer>
	<key>index_c_num_index_gen_compacted</key>
	<integer>2</integer>
	<key>index_c_num_index_gen_non_compacted</key>
	<integer>5</integer>
	<key>index_c_num_index_gen_read_only</key>
	<integer>6</integer>
	<key>index_c_num_index_gen_writeable</key>
	<integer>1</integer>
	<key>index_c_num_journal_file</key>
	<integer>1</integer>
	<key>index_c_num_object_sdb</key>
	<integer>143360</integer>
	<key>index_c_sdb_file_size_bytes</key>
	<integer>86118400</integer>
	<key>index_c_sdb_shadow_file_size_bytes</key>
	<integer>86118400</integer>
	<key>index_c_size_bytes</key>
	<integer>393978015</integer>
	<key>index_c_time_since_last_open_clean</key>
	<integer>194410</integer>
	<key>index_c_time_since_last_open_dirty</key>
	<integer>72843</integer>
	<key>index_c_time_since_merge_end</key>
	<integer>194393</integer>
	<key>index_c_time_since_merge_start</key>
	<integer>194404</integer>
	<key>index_c_time_since_merge_vacuum_end</key>
	<integer>1048895</integer>
	<key>index_c_time_since_merge_vacuum_start</key>
	<integer>1048918</integer>
	<key>index_cx_age</key>
	<integer>7344640</integer>
	<key>index_cx_config</key>
	<integer>0</integer>
	<key>index_cx_count_add_journaled</key>
	<integer>0</integer>
	<key>index_cx_count_add_processed</key>
	<integer>0</integer>
	<key>index_cx_count_add_request</key>
	<integer>0</integer>
	<key>index_cx_count_delete_journaled</key>
	<integer>0</integer>
	<key>index_cx_count_delete_processed</key>
	<integer>0</integer>
	<key>index_cx_count_delete_request</key>
	<integer>0</integer>
	<key>index_cx_count_drop</key>
	<integer>0</integer>
	<key>index_cx_count_drop_total</key>
	<integer>0</integer>
	<key>index_cx_count_open_clean</key>
	<integer>0</integer>
	<key>index_cx_count_open_dirty</key>
	<integer>0</integer>
	<key>index_cx_count_update_journaled</key>
	<integer>0</integer>
	<key>index_cx_count_update_processed</key>
	<integer>0</integer>
	<key>index_cx_count_update_request</key>
	<integer>0</integer>
	<key>index_cx_max_index_gen_merge_level</key>
	<integer>1</integer>
	<key>index_cx_max_journal_file_bytes</key>
	<integer>32</integer>
	<key>index_cx_num_file</key>
	<integer>84</integer>
	<key>index_cx_num_index_gen_compacted</key>
	<integer>1</integer>
	<key>index_cx_num_index_gen_non_compacted</key>
	<integer>1</integer>
	<key>index_cx_num_index_gen_read_only</key>
	<integer>1</integer>
	<key>index_cx_num_index_gen_writeable</key>
	<integer>1</integer>
	<key>index_cx_num_journal_file</key>
	<integer>1</integer>
	<key>index_cx_num_object_sdb</key>
	<integer>2</integer>
	<key>index_cx_sdb_file_size_bytes</key>
	<integer>36864</integer>
	<key>index_cx_sdb_shadow_file_size_bytes</key>
	<integer>36864</integer>
	<key>index_cx_size_bytes</key>
	<integer>1062469</integer>
	<key>index_cx_time_since_last_open_clean</key>
	<integer>72844</integer>
	<key>index_cx_time_since_merge_vacuum_end</key>
	<integer>1049043</integer>
	<key>index_cx_time_since_merge_vacuum_start</key>
	<integer>1049043</integer>
	<key>index_mail_age</key>
	<integer>7476099</integer>
	<key>index_mail_config</key>
	<integer>0</integer>
	<key>index_mail_count_add_journaled</key>
	<integer>0</integer>
	<key>index_mail_count_add_processed</key>
	<integer>0</integer>
	<key>index_mail_count_add_request</key>
	<integer>0</integer>
	<key>index_mail_count_delete_journaled</key>
	<integer>0</integer>
	<key>index_mail_count_delete_processed</key>
	<integer>0</integer>
	<key>index_mail_count_delete_request</key>
	<integer>0</integer>
	<key>index_mail_count_drop</key>
	<integer>0</integer>
	<key>index_mail_count_open_clean</key>
	<integer>0</integer>
	<key>index_mail_count_open_dirty</key>
	<integer>0</integer>
	<key>index_mail_count_update_journaled</key>
	<integer>0</integer>
	<key>index_mail_count_update_processed</key>
	<integer>0</integer>
	<key>index_mail_count_update_request</key>
	<integer>0</integer>
	<key>index_mail_max_index_gen_merge_level</key>
	<integer>1</integer>
	<key>index_mail_max_journal_file_bytes</key>
	<integer>96</integer>
	<key>index_mail_num_file</key>
	<integer>84</integer>
	<key>index_mail_num_index_gen_compacted</key>
	<integer>1</integer>
	<key>index_mail_num_index_gen_non_compacted</key>
	<integer>1</integer>
	<key>index_mail_num_index_gen_read_only</key>
	<integer>1</integer>
	<key>index_mail_num_index_gen_writeable</key>
	<integer>1</integer>
	<key>index_mail_num_journal_file</key>
	<integer>1</integer>
	<key>index_mail_num_object_sdb</key>
	<integer>2</integer>
	<key>index_mail_sdb_file_size_bytes</key>
	<integer>36864</integer>
	<key>index_mail_sdb_shadow_file_size_bytes</key>
	<integer>36864</integer>
	<key>index_mail_size_bytes</key>
	<integer>1062476</integer>
	<key>index_mail_time_since_last_open_clean</key>
	<integer>72844</integer>
	<key>index_mail_time_since_merge_vacuum_end</key>
	<integer>1049039</integer>
	<key>index_mail_time_since_merge_vacuum_start</key>
	<integer>1049040</integer>
	<key>index_priority_age</key>
	<integer>7519483</integer>
	<key>index_priority_config</key>
	<integer>0</integer>
	<key>index_priority_count_add_journaled</key>
	<integer>78</integer>
	<key>index_priority_count_add_processed</key>
	<integer>78</integer>
	<key>index_priority_count_add_request</key>
	<integer>78</integer>
	<key>index_priority_count_delete_journaled</key>
	<integer>196</integer>
	<key>index_priority_count_delete_processed</key>
	<integer>19</integer>
	<key>index_priority_count_delete_request</key>
	<integer>177</integer>
	<key>index_priority_count_drop</key>
	<integer>0</integer>
	<key>index_priority_count_drop_total</key>
	<integer>0</integer>
	<key>index_priority_count_open_clean</key>
	<integer>0</integer>
	<key>index_priority_count_open_dirty</key>
	<integer>0</integer>
	<key>index_priority_count_update_journaled</key>
	<integer>1361</integer>
	<key>index_priority_count_update_processed</key>
	<integer>1362</integer>
	<key>index_priority_count_update_request</key>
	<integer>1359</integer>
	<key>index_priority_max_index_gen_merge_level</key>
	<integer>1</integer>
	<key>index_priority_max_journal_file_bytes</key>
	<integer>179737</integer>
	<key>index_priority_num_file</key>
	<integer>187</integer>
	<key>index_priority_num_index_gen_compacted</key>
	<integer>2</integer>
	<key>index_priority_num_index_gen_non_compacted</key>
	<integer>5</integer>
	<key>index_priority_num_index_gen_read_only</key>
	<integer>6</integer>
	<key>index_priority_num_index_gen_writeable</key>
	<integer>1</integer>
	<key>index_priority_num_journal_file</key>
	<integer>3</integer>
	<key>index_priority_num_object_sdb</key>
	<integer>3232</integer>
	<key>index_priority_sdb_file_size_bytes</key>
	<integer>1658880</integer>
	<key>index_priority_sdb_shadow_file_size_bytes</key>
	<integer>1658880</integer>
	<key>index_priority_size_bytes</key>
	<integer>31275657</integer>
	<key>index_priority_time_since_last_open_clean</key>
	<integer>118890</integer>
	<key>index_priority_time_since_last_open_dirty</key>
	<integer>72843</integer>
	<key>index_priority_time_since_merge_end</key>
	<integer>259508</integer>
	<key>index_priority_time_since_merge_start</key>
	<integer>259527</integer>
	<key>index_priority_time_since_merge_vacuum_end</key>
	<integer>1049023</integer>
	<key>index_priority_time_since_merge_vacuum_start</key>
	<integer>1049025</integer>
	<key>system_fs_free_space_bytes</key>
	<integer>15688048640</integer>
	<key>system_fs_mount_flags</key>
	<integer>343969944</integer>
	<key>system_fs_total_space_bytes</key>
	<integer>255866785792</integer>
	<key>system_fs_type</key>
	<string>apfs</string>
	<key>system_total_ram_gb</key>
	<integer>4</integer>
	<key>system_volume_flags</key>
	<integer>18296925792237518977</integer>
	<key>time_since_last_heartbeat</key>
	<integer>11614</integer>
	<key>time_since_launch_1</key>
	<integer>72844</integer>
	<key>time_since_launch_2</key>
	<integer>118890</integer>
	<key>time_since_launch_3</key>
	<integer>147593</integer>
	<key>time_since_software_update</key>
	<integer>841953</integer>
	<key>version_build</key>
	<string>23D8133</string>
	<key>version_build_previous</key>
	<string>23D127</string>
	<key>version_spotlight</key>
	<string>2400.22</string>
	<key>version_spotlight_previous</key>
	<string>2400.18.100</string>
	<key>version_train_previous</key>
	<string>23D127</string>
</dict>
</plist>
