<?xml version="1.0" encoding="UTF-8"?>
<!DOCTYPE plist PUBLIC "-//Apple//DTD PLIST 1.0//EN" "http://www.apple.com/DTDs/PropertyList-1.0.dtd">
<plist version="1.0">
<dict>
	<key>_reportPID</key>
	<integer>34021</integer>
	<key>_reportProcessName</key>
	<string>searchd</string>
	<key>_reportTime</key>
	<string>2026-02-13-22-48-21</string>
	<key>age_corespotlight_index</key>
	<integer>40560748</integer>
	<key>age_heartbeat</key>
	<integer>37707583</integer>
	<key>config_global</key>
	<integer>0</integer>
	<key>config_locale</key>
	<string>en_US</string>
	<key>config_ota_version</key>
	<string>133.4.6</string>
	<key>data_collection_error</key>
	<integer>0</integer>
	<key>index_a_age</key>
	<integer>5390416</integer>
	<key>index_a_config</key>
	<integer>0</integer>
	<key>index_a_count_add_journaled</key>
	<integer>2</integer>
	<key>index_a_count_add_processed</key>
	<integer>0</integer>
	<key>index_a_count_add_request</key>
	<integer>2</integer>
	<key>index_a_count_delete_journaled</key>
	<integer>0</integer>
	<key>index_a_count_delete_processed</key>
	<integer>0</integer>
	<key>index_a_count_delete_request</key>
	<integer>0</integer>
	<key>index_a_count_drop</key>
	<integer>0</integer>
	<key>index_a_count_drop_total</key>
	<integer>0</integer>
	<key>index_a_count_open_clean</key>
	<integer>0</integer>
	<key>index_a_count_open_dirty</key>
	<integer>0</integer>
	<key>index_a_count_update_journaled</key>
	<integer>0</integer>
	<key>index_a_count_update_processed</key>
	<integer>0</integer>
	<key>index_a_count_update_request</key>
	<integer>0</integer>
	<key>index_a_max_index_gen_merge_level</key>
	<integer>1</integer>
	<key>index_a_max_journal_file_bytes</key>
	<integer>32</integer>
	<key>index_a_num_file</key>
	<integer>87</integer>
	<key>index_a_num_index_gen_compacted</key>
	<integer>1</integer>
	<key>index_a_num_index_gen_non_compacted</key>
	<integer>1</integer>
	<key>index_a_num_index_gen_read_only</key>
	<integer>1</integer>
	<key>index_a_num_index_gen_writeable</key>
	<integer>1</integer>
	<key>index_a_num_journal_file</key>
	<integer>1</integer>
	<key>index_a_num_object_sdb</key>
	<integer>856</integer>
	<key>index_a_sdb_file_size_bytes</key>
	<integer>5033984</integer>
	<key>index_a_sdb_shadow_file_size_bytes</key>
	<integer>5033984</integer>
	<key>index_a_size_bytes</key>
	<integer>11907669</integer>
	<key>index_a_time_since_last_open_clean</key>
	<integer>71020</integer>
	<key>index_a_time_since_last_open_dirty</key>
	<integer>291384</integer>
	<key>index_a_time_since_merge_vacuum_end</key>
	<integer>187785</integer>
	<key>index_a_time_since_merge_vacuum_start</key>
	<integer>187790</integer>
	<key>index_b_age</key>
	<integer>5380142</integer>
	<key>index_b_config</key>
	<integer>0</integer>
	<key>index_b_count_add_journaled</key>
	<integer>2</integer>
	<key>index_b_count_add_processed</key>
	<integer>0</integer>
	<key>index_b_count_add_request</key>
	<integer>2</integer>
	<key>index_b_count_delete_journaled</key>
	<integer>0</integer>
	<key>index_b_count_delete_processed</key>
	<integer>0</integer>
	<key>index_b_count_delete_request</key>
	<integer>0</integer>
	<key>index_b_count_drop</key>
	<integer>0</integer>
	<key>index_b_count_drop_total</key>
	<integer>0</integer>
	<key>index_b_count_open_clean</key>
	<integer>0</integer>
	<key>index_b_count_open_dirty</key>
	<integer>0</integer>
	<key>index_b_count_update_journaled</key>
	<integer>0</integer>
	<key>index_b_count_update_processed</key>
	<integer>0</integer>
	<key>index_b_count_update_request</key>
	<integer>0</integer>
	<key>index_b_max_index_gen_merge_level</key>
	<integer>1</integer>
	<key>index_b_max_journal_file_bytes</key>
	<integer>32</integer>
	<key>index_b_num_file</key>
	<integer>84</integer>
	<key>index_b_num_index_gen_compacted</key>
	<integer>1</integer>
	<key>index_b_num_index_gen_non_compacted</key>
	<integer>1</integer>
	<key>index_b_num_index_gen_read_only</key>
	<integer>1</integer>
	<key>index_b_num_index_gen_writeable</key>
	<integer>1</integer>
	<key>index_b_num_journal_file</key>
	<integer>1</integer>
	<key>index_b_num_object_sdb</key>
	<integer>2</integer>
	<key>index_b_sdb_file_size_bytes</key>
	<integer>36864</integer>
	<key>index_b_sdb_shadow_file_size_bytes</key>
	<integer>36864</integer>
	<key>index_b_size_bytes</key>
	<integer>1062469</integer>
	<key>index_b_time_since_last_open_clean</key>
	<integer>70982</integer>
	<key>index_b_time_since_merge_vacuum_end</key>
	<integer>187788</integer>
	<key>index_b_time_since_merge_vacuum_start</key>
	<integer>187790</integer>
	<key>index_c_age</key>
	<integer>5554991</integer>
	<key>index_c_config</key>
	<integer>0</integer>
	<key>index_c_count_add_journaled</key>
	<integer>1320</integer>
	<key>index_c_count_add_processed</key>
	<integer>1318</integer>
	<key>index_c_count_add_request</key>
	<integer>1320</integer>
	<key>index_c_count_delete_journaled</key>
	<integer>0</integer>
	<key>index_c_count_delete_processed</key>
	<integer>0</integer>
	<key>index_c_count_delete_request</key>
	<integer>0</integer>
	<key>index_c_count_drop</key>
	<integer>0</integer>
	<key>index_c_count_drop_total</key>
	<integer>1</integer>
	<key>index_c_count_open_clean</key>
	<integer>0</integer>
	<key>index_c_count_open_dirty</key>
	<integer>0</integer>
	<key>index_c_count_update_journaled</key>
	<integer>31</integer>
	<key>index_c_count_update_processed</key>
	<integer>40</integer>
	<key>index_c_count_update_request</key>
	<integer>31</integer>
	<key>index_c_max_index_gen_merge_level</key>
	<integer>1</integer>
	<key>index_c_max_journal_file_bytes</key>
	<integer>12669</integer>
	<key>index_c_num_file</key>
	<integer>108</integer>
	<key>index_c_num_index_gen_compacted</key>
	<integer>1</integer>
	<key>index_c_num_index_gen_non_compacted</key>
	<integer>2</integer>
	<key>index_c_num_index_gen_read_only</key>
	<integer>2</integer>
	<key>index_c_num_index_gen_writeable</key>
	<integer>1</integer>
	<key>index_c_num_journal_file</key>
	<integer>3</integer>
	<key>index_c_num_object_sdb</key>
	<integer>139711</integer>
	<key>index_c_sdb_file_size_bytes</key>
	<integer>77795328</integer>
	<key>index_c_sdb_shadow_file_size_bytes</key>
	<integer>77795328</integer>
	<key>index_c_size_bytes</key>
	<integer>352834829</integer>
	<key>index_c_time_since_last_open_clean</key>
	<integer>71522</integer>
	<key>index_c_time_since_last_open_dirty</key>
	<integer>158249</integer>
	<key>index_c_time_since_merge_vacuum_end</key>
	<integer>187754</integer>
	<key>index_c_time_since_merge_vacuum_start</key>
	<integer>187847</integer>
	<key>index_cx_age</key>
	<integer>5380142</integer>
	<key>index_cx_config</key>
	<integer>0</integer>
	<key>index_cx_count_add_journaled</key>
	<integer>2</integer>
	<key>index_cx_count_add_processed</key>
	<integer>0</integer>
	<key>index_cx_count_add_request</key>
	<integer>2</integer>
	<key>index_cx_count_delete_journaled</key>
	<integer>0</integer>
	<key>index_cx_count_delete_processed</key>
	<integer>0</integer>
	<key>index_cx_count_delete_request</key>
	<integer>0</integer>
	<key>index_cx_count_drop</key>
	<integer>0</integer>
	<key>index_cx_count_drop_total</key>
	<integer>0</integer>
	<key>index_cx_count_open_clean</key>
	<integer>0</integer>
	<key>index_cx_count_open_dirty</key>
	<integer>0</integer>
	<key>index_cx_count_update_journaled</key>
	<integer>0</integer>
	<key>index_cx_count_update_processed</key>
	<integer>0</integer>
	<key>index_cx_count_update_request</key>
	<integer>0</integer>
	<key>index_cx_max_index_gen_merge_level</key>
	<integer>1</integer>
	<key>index_cx_max_journal_file_bytes</key>
	<integer>7206</integer>
	<key>index_cx_num_file</key>
	<integer>86</integer>
	<key>index_cx_num_index_gen_compacted</key>
	<integer>1</integer>
	<key>index_cx_num_index_gen_non_compacted</key>
	<integer>1</integer>
	<key>index_cx_num_index_gen_read_only</key>
	<integer>1</integer>
	<key>index_cx_num_index_gen_writeable</key>
	<integer>1</integer>
	<key>index_cx_num_journal_file</key>
	<integer>3</integer>
	<key>index_cx_num_object_sdb</key>
	<integer>2</integer>
	<key>index_cx_sdb_file_size_bytes</key>
	<integer>36864</integer>
	<key>index_cx_sdb_shadow_file_size_bytes</key>
	<integer>36864</integer>
	<key>index_cx_size_bytes</key>
	<integer>1069739</integer>
	<key>index_cx_time_since_last_open_clean</key>
	<integer>70982</integer>
	<key>index_cx_time_since_merge_vacuum_end</key>
	<integer>187847</integer>
	<key>index_cx_time_since_merge_vacuum_start</key>
	<integer>187850</integer>
	<key>index_mail_age</key>
	<integer>5511601</integer>
	<key>index_mail_config</key>
	<integer>0</integer>
	<key>index_mail_count_add_journaled</key>
	<integer>2</integer>
	<key>index_mail_count_add_processed</key>
	<integer>0</integer>
	<key>index_mail_count_add_request</key>
	<integer>2</integer>
	<key>index_mail_count_delete_journaled</key>
	<integer>0</integer>
	<key>index_mail_count_delete_processed</key>
	<integer>0</integer>
	<key>index_mail_count_delete_request</key>
	<integer>0</integer>
	<key>index_mail_count_drop</key>
	<integer>0</integer>
	<key>index_mail_count_open_clean</key>
	<integer>0</integer>
	<key>index_mail_count_open_dirty</key>
	<integer>0</integer>
	<key>index_mail_count_update_journaled</key>
	<integer>0</integer>
	<key>index_mail_count_update_processed</key>
	<integer>0</integer>
	<key>index_mail_count_update_request</key>
	<integer>0</integer>
	<key>index_mail_max_index_gen_merge_level</key>
	<integer>1</integer>
	<key>index_mail_max_journal_file_bytes</key>
	<integer>9862</integer>
	<key>index_mail_num_file</key>
	<integer>86</integer>
	<key>index_mail_num_index_gen_compacted</key>
	<integer>1</integer>
	<key>index_mail_num_index_gen_non_compacted</key>
	<integer>1</integer>
	<key>index_mail_num_index_gen_read_only</key>
	<integer>1</integer>
	<key>index_mail_num_index_gen_writeable</key>
	<integer>1</integer>
	<key>index_mail_num_journal_file</key>
	<integer>3</integer>
	<key>index_mail_num_object_sdb</key>
	<integer>2</integer>
	<key>index_mail_sdb_file_size_bytes</key>
	<integer>36864</integer>
	<key>index_mail_sdb_shadow_file_size_bytes</key>
	<integer>36864</integer>
	<key>index_mail_size_bytes</key>
	<integer>1072434</integer>
	<key>index_mail_time_since_last_open_clean</key>
	<integer>71523</integer>
	<key>index_mail_time_since_merge_vacuum_end</key>
	<integer>187845</integer>
	<key>index_mail_time_since_merge_vacuum_start</key>
	<integer>187847</integer>
	<key>index_priority_age</key>
	<integer>5554985</integer>
	<key>index_priority_config</key>
	<integer>0</integer>
	<key>index_priority_count_add_journaled</key>
	<integer>9</integer>
	<key>index_priority_count_add_processed</key>
	<integer>7</integer>
	<key>index_priority_count_add_request</key>
	<integer>9</integer>
	<key>index_priority_count_delete_journaled</key>
	<integer>8</integer>
	<key>index_priority_count_delete_processed</key>
	<integer>0</integer>
	<key>index_priority_count_delete_request</key>
	<integer>8</integer>
	<key>index_priority_count_drop</key>
	<integer>0</integer>
	<key>index_priority_count_drop_total</key>
	<integer>0</integer>
	<key>index_priority_count_open_clean</key>
	<integer>0</integer>
	<key>index_priority_count_open_dirty</key>
	<integer>0</integer>
	<key>index_priority_count_update_journaled</key>
	<integer>341</integer>
	<key>index_priority_count_update_processed</key>
	<integer>336</integer>
	<key>index_priority_count_update_request</key>
	<integer>340</integer>
	<key>index_priority_max_index_gen_merge_level</key>
	<integer>1</integer>
	<key>index_priority_max_journal_file_bytes</key>
	<integer>937</integer>
	<key>index_priority_num_file</key>
	<integer>110</integer>
	<key>index_priority_num_index_gen_compacted</key>
	<integer>1</integer>
	<key>index_priority_num_index_gen_non_compacted</key>
	<integer>2</integer>
	<key>index_priority_num_index_gen_read_only</key>
	<integer>2</integer>
	<key>index_priority_num_index_gen_writeable</key>
	<integer>1</integer>
	<key>index_priority_num_journal_file</key>
	<integer>3</integer>
	<key>index_priority_num_object_sdb</key>
	<integer>3474</integer>
	<key>index_priority_sdb_file_size_bytes</key>
	<integer>1740800</integer>
	<key>index_priority_sdb_shadow_file_size_bytes</key>
	<integer>1740800</integer>
	<key>index_priority_size_bytes</key>
	<integer>15089135</integer>
	<key>index_priority_time_since_last_open_clean</key>
	<integer>71523</integer>
	<key>index_priority_time_since_last_open_dirty</key>
	<integer>338961</integer>
	<key>index_priority_time_since_merge_vacuum_end</key>
	<integer>187817</integer>
	<key>index_priority_time_since_merge_vacuum_start</key>
	<integer>187818</integer>
	<key>system_fs_free_space_bytes</key>
	<integer>10818338816</integer>
	<key>system_fs_mount_flags</key>
	<integer>343969944</integer>
	<key>system_fs_total_space_bytes</key>
	<integer>255866785792</integer>
	<key>system_fs_type</key>
	<string>apfs</string>
	<key>system_total_ram_gb</key>
	<integer>4</integer>
	<key>system_volume_flags</key>
	<integer>18296925792237518977</integer>
	<key>time_since_last_heartbeat</key>
	<integer>11537</integer>
	<key>time_since_launch_1</key>
	<integer>71524</integer>
	<key>time_since_launch_2</key>
	<integer>158250</integer>
	<key>time_since_launch_3</key>
	<integer>271893</integer>
	<key>time_since_software_update</key>
	<integer>2767743</integer>
	<key>version_build</key>
	<string>23C71</string>
	<key>version_build_previous</key>
	<string>23C55</string>
	<key>version_spotlight</key>
	<string>2400.18.100</string>
	<key>version_spotlight_previous</key>
	<string>2333.57.1</string>
	<key>version_train_previous</key>
	<string>23C55</string>
</dict>
</plist>
