<?xml version="1.0" encoding="UTF-8"?>
<!DOCTYPE plist PUBLIC "-//Apple//DTD PLIST 1.0//EN" "http://www.apple.com/DTDs/PropertyList-1.0.dtd">
<plist version="1.0">
<dict>
	<key>_reportPID</key>
	<integer>73441</integer>
	<key>_reportProcessName</key>
	<string>searchd</string>
	<key>_reportTime</key>
	<string>2026-03-02-22-56-29</string>
	<key>age_corespotlight_index</key>
	<integer>42030036</integer>
	<key>age_heartbeat</key>
	<integer>39176871</integer>
	<key>config_global</key>
	<integer>0</integer>
	<key>config_locale</key>
	<string>en_US</string>
	<key>config_ota_version</key>
	<string>133.4.6</string>
	<key>data_collection_error</key>
	<integer>0</integer>
	<key>index_a_age</key>
	<integer>6859704</integer>
	<key>index_a_config</key>
	<integer>0</integer>
	<key>index_a_count_add_journaled</key>
	<integer>0</integer>
	<key>index_a_count_add_processed</key>
	<integer>0</integer>
	<key>index_a_count_add_request</key>
	<integer>0</integer>
	<key>index_a_count_delete_journaled</key>
	<integer>0</integer>
	<key>index_a_count_delete_processed</key>
	<integer>0</integer>
	<key>index_a_count_delete_request</key>
	<integer>0</integer>
	<key>index_a_count_drop</key>
	<integer>0</integer>
	<key>index_a_count_drop_total</key>
	<integer>0</integer>
	<key>index_a_count_open_clean</key>
	<integer>0</integer>
	<key>index_a_count_open_dirty</key>
	<integer>0</integer>
	<key>index_a_count_update_journaled</key>
	<integer>0</integer>
	<key>index_a_count_update_processed</key>
	<integer>0</integer>
	<key>index_a_count_update_request</key>
	<integer>0</integer>
	<key>index_a_max_index_gen_merge_level</key>
	<integer>1</integer>
	<key>index_a_max_journal_file_bytes</key>
	<integer>32</integer>
	<key>index_a_num_file</key>
	<integer>91</integer>
	<key>index_a_num_index_gen_compacted</key>
	<integer>1</integer>
	<key>index_a_num_index_gen_non_compacted</key>
	<integer>1</integer>
	<key>index_a_num_index_gen_read_only</key>
	<integer>1</integer>
	<key>index_a_num_index_gen_writeable</key>
	<integer>1</integer>
	<key>index_a_num_journal_file</key>
	<integer>1</integer>
	<key>index_a_num_object_sdb</key>
	<integer>770</integer>
	<key>index_a_sdb_file_size_bytes</key>
	<integer>5705728</integer>
	<key>index_a_sdb_shadow_file_size_bytes</key>
	<integer>5705728</integer>
	<key>index_a_size_bytes</key>
	<integer>13473966</integer>
	<key>index_a_time_since_last_open_clean</key>
	<integer>15761</integer>
	<key>index_a_time_since_last_open_dirty</key>
	<integer>21930</integer>
	<key>index_a_time_since_merge_vacuum_end</key>
	<integer>556242</integer>
	<key>index_a_time_since_merge_vacuum_start</key>
	<integer>556244</integer>
	<key>index_b_age</key>
	<integer>6849430</integer>
	<key>index_b_config</key>
	<integer>0</integer>
	<key>index_b_count_add_journaled</key>
	<integer>0</integer>
	<key>index_b_count_add_processed</key>
	<integer>0</integer>
	<key>index_b_count_add_request</key>
	<integer>0</integer>
	<key>index_b_count_delete_journaled</key>
	<integer>0</integer>
	<key>index_b_count_delete_processed</key>
	<integer>0</integer>
	<key>index_b_count_delete_request</key>
	<integer>0</integer>
	<key>index_b_count_drop</key>
	<integer>0</integer>
	<key>index_b_count_drop_total</key>
	<integer>0</integer>
	<key>index_b_count_open_clean</key>
	<integer>0</integer>
	<key>index_b_count_open_dirty</key>
	<integer>0</integer>
	<key>index_b_count_update_journaled</key>
	<integer>0</integer>
	<key>index_b_count_update_processed</key>
	<integer>0</integer>
	<key>index_b_count_update_request</key>
	<integer>0</integer>
	<key>index_b_max_index_gen_merge_level</key>
	<integer>1</integer>
	<key>index_b_max_journal_file_bytes</key>
	<integer>32</integer>
	<key>index_b_num_file</key>
	<integer>84</integer>
	<key>index_b_num_index_gen_compacted</key>
	<integer>1</integer>
	<key>index_b_num_index_gen_non_compacted</key>
	<integer>1</integer>
	<key>index_b_num_index_gen_read_only</key>
	<integer>1</integer>
	<key>index_b_num_index_gen_writeable</key>
	<integer>1</integer>
	<key>index_b_num_journal_file</key>
	<integer>1</integer>
	<key>index_b_num_object_sdb</key>
	<integer>2</integer>
	<key>index_b_sdb_file_size_bytes</key>
	<integer>36864</integer>
	<key>index_b_sdb_shadow_file_size_bytes</key>
	<integer>36864</integer>
	<key>index_b_size_bytes</key>
	<integer>1062469</integer>
	<key>index_b_time_since_last_open_clean</key>
	<integer>15761</integer>
	<key>index_b_time_since_merge_vacuum_end</key>
	<integer>552137</integer>
	<key>index_b_time_since_merge_vacuum_start</key>
	<integer>553898</integer>
	<key>index_c_age</key>
	<integer>7024279</integer>
	<key>index_c_config</key>
	<integer>0</integer>
	<key>index_c_count_add_journaled</key>
	<integer>33</integer>
	<key>index_c_count_add_processed</key>
	<integer>33</integer>
	<key>index_c_count_add_request</key>
	<integer>33</integer>
	<key>index_c_count_delete_journaled</key>
	<integer>0</integer>
	<key>index_c_count_delete_processed</key>
	<integer>0</integer>
	<key>index_c_count_delete_request</key>
	<integer>0</integer>
	<key>index_c_count_drop</key>
	<integer>0</integer>
	<key>index_c_count_drop_total</key>
	<integer>1</integer>
	<key>index_c_count_open_clean</key>
	<integer>0</integer>
	<key>index_c_count_open_dirty</key>
	<integer>0</integer>
	<key>index_c_count_update_journaled</key>
	<integer>32</integer>
	<key>index_c_count_update_processed</key>
	<integer>41</integer>
	<key>index_c_count_update_request</key>
	<integer>32</integer>
	<key>index_c_max_index_gen_merge_level</key>
	<integer>1</integer>
	<key>index_c_max_journal_file_bytes</key>
	<integer>32</integer>
	<key>index_c_num_file</key>
	<integer>149</integer>
	<key>index_c_num_index_gen_compacted</key>
	<integer>1</integer>
	<key>index_c_num_index_gen_non_compacted</key>
	<integer>4</integer>
	<key>index_c_num_index_gen_read_only</key>
	<integer>4</integer>
	<key>index_c_num_index_gen_writeable</key>
	<integer>1</integer>
	<key>index_c_num_journal_file</key>
	<integer>1</integer>
	<key>index_c_num_object_sdb</key>
	<integer>142077</integer>
	<key>index_c_sdb_file_size_bytes</key>
	<integer>84430848</integer>
	<key>index_c_sdb_shadow_file_size_bytes</key>
	<integer>84430848</integer>
	<key>index_c_size_bytes</key>
	<integer>384635880</integer>
	<key>index_c_time_since_last_open_clean</key>
	<integer>96306</integer>
	<key>index_c_time_since_last_open_dirty</key>
	<integer>15760</integer>
	<key>index_c_time_since_merge_vacuum_end</key>
	<integer>553685</integer>
	<key>index_c_time_since_merge_vacuum_start</key>
	<integer>553708</integer>
	<key>index_cx_age</key>
	<integer>6849430</integer>
	<key>index_cx_config</key>
	<integer>0</integer>
	<key>index_cx_count_add_journaled</key>
	<integer>0</integer>
	<key>index_cx_count_add_processed</key>
	<integer>0</integer>
	<key>index_cx_count_add_request</key>
	<integer>0</integer>
	<key>index_cx_count_delete_journaled</key>
	<integer>0</integer>
	<key>index_cx_count_delete_processed</key>
	<integer>0</integer>
	<key>index_cx_count_delete_request</key>
	<integer>0</integer>
	<key>index_cx_count_drop</key>
	<integer>0</integer>
	<key>index_cx_count_drop_total</key>
	<integer>0</integer>
	<key>index_cx_count_open_clean</key>
	<integer>0</integer>
	<key>index_cx_count_open_dirty</key>
	<integer>0</integer>
	<key>index_cx_count_update_journaled</key>
	<integer>0</integer>
	<key>index_cx_count_update_processed</key>
	<integer>0</integer>
	<key>index_cx_count_update_request</key>
	<integer>0</integer>
	<key>index_cx_max_index_gen_merge_level</key>
	<integer>1</integer>
	<key>index_cx_max_journal_file_bytes</key>
	<integer>32</integer>
	<key>index_cx_num_file</key>
	<integer>84</integer>
	<key>index_cx_num_index_gen_compacted</key>
	<integer>1</integer>
	<key>index_cx_num_index_gen_non_compacted</key>
	<integer>1</integer>
	<key>index_cx_num_index_gen_read_only</key>
	<integer>1</integer>
	<key>index_cx_num_index_gen_writeable</key>
	<integer>1</integer>
	<key>index_cx_num_journal_file</key>
	<integer>1</integer>
	<key>index_cx_num_object_sdb</key>
	<integer>2</integer>
	<key>index_cx_sdb_file_size_bytes</key>
	<integer>36864</integer>
	<key>index_cx_sdb_shadow_file_size_bytes</key>
	<integer>36864</integer>
	<key>index_cx_size_bytes</key>
	<integer>1062469</integer>
	<key>index_cx_time_since_last_open_clean</key>
	<integer>15761</integer>
	<key>index_cx_time_since_merge_vacuum_end</key>
	<integer>553833</integer>
	<key>index_cx_time_since_merge_vacuum_start</key>
	<integer>553833</integer>
	<key>index_mail_age</key>
	<integer>6980889</integer>
	<key>index_mail_config</key>
	<integer>0</integer>
	<key>index_mail_count_add_journaled</key>
	<integer>0</integer>
	<key>index_mail_count_add_processed</key>
	<integer>0</integer>
	<key>index_mail_count_add_request</key>
	<integer>0</integer>
	<key>index_mail_count_delete_journaled</key>
	<integer>0</integer>
	<key>index_mail_count_delete_processed</key>
	<integer>0</integer>
	<key>index_mail_count_delete_request</key>
	<integer>0</integer>
	<key>index_mail_count_drop</key>
	<integer>0</integer>
	<key>index_mail_count_open_clean</key>
	<integer>0</integer>
	<key>index_mail_count_open_dirty</key>
	<integer>0</integer>
	<key>index_mail_count_update_journaled</key>
	<integer>0</integer>
	<key>index_mail_count_update_processed</key>
	<integer>0</integer>
	<key>index_mail_count_update_request</key>
	<integer>0</integer>
	<key>index_mail_max_index_gen_merge_level</key>
	<integer>1</integer>
	<key>index_mail_max_journal_file_bytes</key>
	<integer>96</integer>
	<key>index_mail_num_file</key>
	<integer>84</integer>
	<key>index_mail_num_index_gen_compacted</key>
	<integer>1</integer>
	<key>index_mail_num_index_gen_non_compacted</key>
	<integer>1</integer>
	<key>index_mail_num_index_gen_read_only</key>
	<integer>1</integer>
	<key>index_mail_num_index_gen_writeable</key>
	<integer>1</integer>
	<key>index_mail_num_journal_file</key>
	<integer>1</integer>
	<key>index_mail_num_object_sdb</key>
	<integer>2</integer>
	<key>index_mail_sdb_file_size_bytes</key>
	<integer>36864</integer>
	<key>index_mail_sdb_shadow_file_size_bytes</key>
	<integer>36864</integer>
	<key>index_mail_size_bytes</key>
	<integer>1062476</integer>
	<key>index_mail_time_since_last_open_clean</key>
	<integer>15761</integer>
	<key>index_mail_time_since_merge_vacuum_end</key>
	<integer>553829</integer>
	<key>index_mail_time_since_merge_vacuum_start</key>
	<integer>553830</integer>
	<key>index_priority_age</key>
	<integer>7024273</integer>
	<key>index_priority_config</key>
	<integer>0</integer>
	<key>index_priority_count_add_journaled</key>
	<integer>0</integer>
	<key>index_priority_count_add_processed</key>
	<integer>0</integer>
	<key>index_priority_count_add_request</key>
	<integer>0</integer>
	<key>index_priority_count_delete_journaled</key>
	<integer>1</integer>
	<key>index_priority_count_delete_processed</key>
	<integer>0</integer>
	<key>index_priority_count_delete_request</key>
	<integer>1</integer>
	<key>index_priority_count_drop</key>
	<integer>0</integer>
	<key>index_priority_count_drop_total</key>
	<integer>0</integer>
	<key>index_priority_count_open_clean</key>
	<integer>0</integer>
	<key>index_priority_count_open_dirty</key>
	<integer>0</integer>
	<key>index_priority_count_update_journaled</key>
	<integer>450</integer>
	<key>index_priority_count_update_processed</key>
	<integer>447</integer>
	<key>index_priority_count_update_request</key>
	<integer>448</integer>
	<key>index_priority_max_index_gen_merge_level</key>
	<integer>1</integer>
	<key>index_priority_max_journal_file_bytes</key>
	<integer>384</integer>
	<key>index_priority_num_file</key>
	<integer>148</integer>
	<key>index_priority_num_index_gen_compacted</key>
	<integer>1</integer>
	<key>index_priority_num_index_gen_non_compacted</key>
	<integer>4</integer>
	<key>index_priority_num_index_gen_read_only</key>
	<integer>4</integer>
	<key>index_priority_num_index_gen_writeable</key>
	<integer>1</integer>
	<key>index_priority_num_journal_file</key>
	<integer>1</integer>
	<key>index_priority_num_object_sdb</key>
	<integer>3331</integer>
	<key>index_priority_sdb_file_size_bytes</key>
	<integer>1708032</integer>
	<key>index_priority_sdb_shadow_file_size_bytes</key>
	<integer>1708032</integer>
	<key>index_priority_size_bytes</key>
	<integer>26748502</integer>
	<key>index_priority_time_since_last_open_clean</key>
	<integer>21930</integer>
	<key>index_priority_time_since_last_open_dirty</key>
	<integer>15760</integer>
	<key>index_priority_time_since_merge_end</key>
	<integer>900358</integer>
	<key>index_priority_time_since_merge_start</key>
	<integer>900367</integer>
	<key>index_priority_time_since_merge_vacuum_end</key>
	<integer>553813</integer>
	<key>index_priority_time_since_merge_vacuum_start</key>
	<integer>553815</integer>
	<key>system_fs_free_space_bytes</key>
	<integer>12490067968</integer>
	<key>system_fs_mount_flags</key>
	<integer>343969944</integer>
	<key>system_fs_total_space_bytes</key>
	<integer>255866785792</integer>
	<key>system_fs_type</key>
	<string>apfs</string>
	<key>system_total_ram_gb</key>
	<integer>4</integer>
	<key>system_volume_flags</key>
	<integer>18296925792237518977</integer>
	<key>time_since_last_heartbeat</key>
	<integer>14233</integer>
	<key>time_since_launch_1</key>
	<integer>15761</integer>
	<key>time_since_launch_2</key>
	<integer>21932</integer>
	<key>time_since_launch_3</key>
	<integer>28885</integer>
	<key>time_since_software_update</key>
	<integer>2167010</integer>
	<key>version_build</key>
	<string>23D127</string>
	<key>version_build_previous</key>
	<string>23C71</string>
	<key>version_spotlight</key>
	<string>2400.22</string>
	<key>version_spotlight_previous</key>
	<string>2400.18.100</string>
	<key>version_train_previous</key>
	<string>23C71</string>
</dict>
</plist>
