<?xml version="1.0" encoding="UTF-8"?>
<!DOCTYPE plist PUBLIC "-//Apple//DTD PLIST 1.0//EN" "http://www.apple.com/DTDs/PropertyList-1.0.dtd">
<plist version="1.0">
<dict>
	<key>_reportPID</key>
	<integer>16892</integer>
	<key>_reportProcessName</key>
	<string>searchd</string>
	<key>_reportTime</key>
	<string>2026-02-04-23-15-09</string>
	<key>age_corespotlight_index</key>
	<integer>39784756</integer>
	<key>age_heartbeat</key>
	<integer>36931591</integer>
	<key>config_global</key>
	<integer>0</integer>
	<key>config_locale</key>
	<string>en_US</string>
	<key>config_ota_version</key>
	<string>133.4.6</string>
	<key>data_collection_error</key>
	<integer>0</integer>
	<key>index_a_age</key>
	<integer>4614424</integer>
	<key>index_a_config</key>
	<integer>0</integer>
	<key>index_a_count_add_journaled</key>
	<integer>8</integer>
	<key>index_a_count_add_processed</key>
	<integer>8</integer>
	<key>index_a_count_add_request</key>
	<integer>8</integer>
	<key>index_a_count_delete_journaled</key>
	<integer>13</integer>
	<key>index_a_count_delete_processed</key>
	<integer>5</integer>
	<key>index_a_count_delete_request</key>
	<integer>0</integer>
	<key>index_a_count_drop</key>
	<integer>0</integer>
	<key>index_a_count_drop_total</key>
	<integer>0</integer>
	<key>index_a_count_open_clean</key>
	<integer>0</integer>
	<key>index_a_count_open_dirty</key>
	<integer>0</integer>
	<key>index_a_count_update_journaled</key>
	<integer>0</integer>
	<key>index_a_count_update_processed</key>
	<integer>0</integer>
	<key>index_a_count_update_request</key>
	<integer>0</integer>
	<key>index_a_max_index_gen_merge_level</key>
	<integer>1</integer>
	<key>index_a_max_journal_file_bytes</key>
	<integer>32</integer>
	<key>index_a_num_file</key>
	<integer>90</integer>
	<key>index_a_num_index_gen_compacted</key>
	<integer>1</integer>
	<key>index_a_num_index_gen_non_compacted</key>
	<integer>1</integer>
	<key>index_a_num_index_gen_read_only</key>
	<integer>1</integer>
	<key>index_a_num_index_gen_writeable</key>
	<integer>1</integer>
	<key>index_a_num_journal_file</key>
	<integer>1</integer>
	<key>index_a_num_object_sdb</key>
	<integer>726</integer>
	<key>index_a_sdb_file_size_bytes</key>
	<integer>3772416</integer>
	<key>index_a_sdb_shadow_file_size_bytes</key>
	<integer>3772416</integer>
	<key>index_a_size_bytes</key>
	<integer>9374950</integer>
	<key>index_a_time_since_last_open_clean</key>
	<integer>36479</integer>
	<key>index_a_time_since_last_open_dirty</key>
	<integer>56405</integer>
	<key>index_a_time_since_merge_vacuum_end</key>
	<integer>19798</integer>
	<key>index_a_time_since_merge_vacuum_start</key>
	<integer>19800</integer>
	<key>index_b_age</key>
	<integer>4604150</integer>
	<key>index_b_config</key>
	<integer>0</integer>
	<key>index_b_count_add_journaled</key>
	<integer>0</integer>
	<key>index_b_count_add_processed</key>
	<integer>0</integer>
	<key>index_b_count_add_request</key>
	<integer>0</integer>
	<key>index_b_count_delete_journaled</key>
	<integer>0</integer>
	<key>index_b_count_delete_processed</key>
	<integer>0</integer>
	<key>index_b_count_delete_request</key>
	<integer>0</integer>
	<key>index_b_count_drop</key>
	<integer>0</integer>
	<key>index_b_count_drop_total</key>
	<integer>0</integer>
	<key>index_b_count_open_clean</key>
	<integer>0</integer>
	<key>index_b_count_open_dirty</key>
	<integer>0</integer>
	<key>index_b_count_update_journaled</key>
	<integer>0</integer>
	<key>index_b_count_update_processed</key>
	<integer>0</integer>
	<key>index_b_count_update_request</key>
	<integer>0</integer>
	<key>index_b_max_index_gen_merge_level</key>
	<integer>1</integer>
	<key>index_b_max_journal_file_bytes</key>
	<integer>32</integer>
	<key>index_b_num_file</key>
	<integer>86</integer>
	<key>index_b_num_index_gen_compacted</key>
	<integer>1</integer>
	<key>index_b_num_index_gen_non_compacted</key>
	<integer>1</integer>
	<key>index_b_num_index_gen_read_only</key>
	<integer>1</integer>
	<key>index_b_num_index_gen_writeable</key>
	<integer>1</integer>
	<key>index_b_num_journal_file</key>
	<integer>1</integer>
	<key>index_b_num_object_sdb</key>
	<integer>2</integer>
	<key>index_b_sdb_file_size_bytes</key>
	<integer>36864</integer>
	<key>index_b_sdb_shadow_file_size_bytes</key>
	<integer>36864</integer>
	<key>index_b_size_bytes</key>
	<integer>1029792</integer>
	<key>index_b_time_since_last_open_clean</key>
	<integer>36479</integer>
	<key>index_b_time_since_merge_vacuum_end</key>
	<integer>10689</integer>
	<key>index_b_time_since_merge_vacuum_start</key>
	<integer>10798</integer>
	<key>index_c_age</key>
	<integer>4778999</integer>
	<key>index_c_config</key>
	<integer>0</integer>
	<key>index_c_count_add_journaled</key>
	<integer>1738</integer>
	<key>index_c_count_add_processed</key>
	<integer>1672</integer>
	<key>index_c_count_add_request</key>
	<integer>1668</integer>
	<key>index_c_count_delete_journaled</key>
	<integer>5148</integer>
	<key>index_c_count_delete_processed</key>
	<integer>2567</integer>
	<key>index_c_count_delete_request</key>
	<integer>2591</integer>
	<key>index_c_count_drop</key>
	<integer>0</integer>
	<key>index_c_count_drop_total</key>
	<integer>1</integer>
	<key>index_c_count_open_clean</key>
	<integer>0</integer>
	<key>index_c_count_open_dirty</key>
	<integer>0</integer>
	<key>index_c_count_update_journaled</key>
	<integer>6637</integer>
	<key>index_c_count_update_processed</key>
	<integer>6767</integer>
	<key>index_c_count_update_request</key>
	<integer>6637</integer>
	<key>index_c_max_index_gen_merge_level</key>
	<integer>1</integer>
	<key>index_c_max_journal_file_bytes</key>
	<integer>94657</integer>
	<key>index_c_num_file</key>
	<integer>92</integer>
	<key>index_c_num_index_gen_compacted</key>
	<integer>1</integer>
	<key>index_c_num_index_gen_non_compacted</key>
	<integer>1</integer>
	<key>index_c_num_index_gen_read_only</key>
	<integer>1</integer>
	<key>index_c_num_index_gen_writeable</key>
	<integer>1</integer>
	<key>index_c_num_journal_file</key>
	<integer>3</integer>
	<key>index_c_num_object_sdb</key>
	<integer>138153</integer>
	<key>index_c_sdb_file_size_bytes</key>
	<integer>73125888</integer>
	<key>index_c_sdb_shadow_file_size_bytes</key>
	<integer>73158656</integer>
	<key>index_c_size_bytes</key>
	<integer>325886036</integer>
	<key>index_c_time_since_last_open_clean</key>
	<integer>251679</integer>
	<key>index_c_time_since_last_open_dirty</key>
	<integer>36478</integer>
	<key>index_c_time_since_merge_vacuum_end</key>
	<integer>19120</integer>
	<key>index_c_time_since_merge_vacuum_start</key>
	<integer>19227</integer>
	<key>index_cx_age</key>
	<integer>4604150</integer>
	<key>index_cx_config</key>
	<integer>0</integer>
	<key>index_cx_count_add_journaled</key>
	<integer>0</integer>
	<key>index_cx_count_add_processed</key>
	<integer>0</integer>
	<key>index_cx_count_add_request</key>
	<integer>0</integer>
	<key>index_cx_count_delete_journaled</key>
	<integer>0</integer>
	<key>index_cx_count_delete_processed</key>
	<integer>0</integer>
	<key>index_cx_count_delete_request</key>
	<integer>0</integer>
	<key>index_cx_count_drop</key>
	<integer>0</integer>
	<key>index_cx_count_drop_total</key>
	<integer>0</integer>
	<key>index_cx_count_open_clean</key>
	<integer>0</integer>
	<key>index_cx_count_open_dirty</key>
	<integer>0</integer>
	<key>index_cx_count_update_journaled</key>
	<integer>0</integer>
	<key>index_cx_count_update_processed</key>
	<integer>0</integer>
	<key>index_cx_count_update_request</key>
	<integer>0</integer>
	<key>index_cx_max_index_gen_merge_level</key>
	<integer>1</integer>
	<key>index_cx_max_journal_file_bytes</key>
	<integer>32</integer>
	<key>index_cx_num_file</key>
	<integer>86</integer>
	<key>index_cx_num_index_gen_compacted</key>
	<integer>1</integer>
	<key>index_cx_num_index_gen_non_compacted</key>
	<integer>1</integer>
	<key>index_cx_num_index_gen_read_only</key>
	<integer>1</integer>
	<key>index_cx_num_index_gen_writeable</key>
	<integer>1</integer>
	<key>index_cx_num_journal_file</key>
	<integer>1</integer>
	<key>index_cx_num_object_sdb</key>
	<integer>2</integer>
	<key>index_cx_sdb_file_size_bytes</key>
	<integer>36864</integer>
	<key>index_cx_sdb_shadow_file_size_bytes</key>
	<integer>36864</integer>
	<key>index_cx_size_bytes</key>
	<integer>1029793</integer>
	<key>index_cx_time_since_last_open_clean</key>
	<integer>36479</integer>
	<key>index_cx_time_since_merge_vacuum_end</key>
	<integer>19226</integer>
	<key>index_cx_time_since_merge_vacuum_start</key>
	<integer>19228</integer>
	<key>index_mail_age</key>
	<integer>4735609</integer>
	<key>index_mail_config</key>
	<integer>0</integer>
	<key>index_mail_count_add_journaled</key>
	<integer>0</integer>
	<key>index_mail_count_add_processed</key>
	<integer>0</integer>
	<key>index_mail_count_add_request</key>
	<integer>0</integer>
	<key>index_mail_count_delete_journaled</key>
	<integer>0</integer>
	<key>index_mail_count_delete_processed</key>
	<integer>0</integer>
	<key>index_mail_count_delete_request</key>
	<integer>0</integer>
	<key>index_mail_count_drop</key>
	<integer>0</integer>
	<key>index_mail_count_open_clean</key>
	<integer>0</integer>
	<key>index_mail_count_open_dirty</key>
	<integer>0</integer>
	<key>index_mail_count_update_journaled</key>
	<integer>0</integer>
	<key>index_mail_count_update_processed</key>
	<integer>0</integer>
	<key>index_mail_count_update_request</key>
	<integer>0</integer>
	<key>index_mail_max_index_gen_merge_level</key>
	<integer>1</integer>
	<key>index_mail_max_journal_file_bytes</key>
	<integer>96</integer>
	<key>index_mail_num_file</key>
	<integer>86</integer>
	<key>index_mail_num_index_gen_compacted</key>
	<integer>1</integer>
	<key>index_mail_num_index_gen_non_compacted</key>
	<integer>1</integer>
	<key>index_mail_num_index_gen_read_only</key>
	<integer>1</integer>
	<key>index_mail_num_index_gen_writeable</key>
	<integer>1</integer>
	<key>index_mail_num_journal_file</key>
	<integer>1</integer>
	<key>index_mail_num_object_sdb</key>
	<integer>2</integer>
	<key>index_mail_sdb_file_size_bytes</key>
	<integer>36864</integer>
	<key>index_mail_sdb_shadow_file_size_bytes</key>
	<integer>36864</integer>
	<key>index_mail_size_bytes</key>
	<integer>1029799</integer>
	<key>index_mail_time_since_last_open_clean</key>
	<integer>36479</integer>
	<key>index_mail_time_since_merge_vacuum_end</key>
	<integer>19224</integer>
	<key>index_mail_time_since_merge_vacuum_start</key>
	<integer>19226</integer>
	<key>index_priority_age</key>
	<integer>4778993</integer>
	<key>index_priority_config</key>
	<integer>0</integer>
	<key>index_priority_count_add_journaled</key>
	<integer>193</integer>
	<key>index_priority_count_add_processed</key>
	<integer>193</integer>
	<key>index_priority_count_add_request</key>
	<integer>193</integer>
	<key>index_priority_count_delete_journaled</key>
	<integer>16</integer>
	<key>index_priority_count_delete_processed</key>
	<integer>0</integer>
	<key>index_priority_count_delete_request</key>
	<integer>16</integer>
	<key>index_priority_count_drop</key>
	<integer>0</integer>
	<key>index_priority_count_drop_total</key>
	<integer>0</integer>
	<key>index_priority_count_open_clean</key>
	<integer>0</integer>
	<key>index_priority_count_open_dirty</key>
	<integer>0</integer>
	<key>index_priority_count_update_journaled</key>
	<integer>1072</integer>
	<key>index_priority_count_update_processed</key>
	<integer>1075</integer>
	<key>index_priority_count_update_request</key>
	<integer>1065</integer>
	<key>index_priority_max_index_gen_merge_level</key>
	<integer>1</integer>
	<key>index_priority_max_journal_file_bytes</key>
	<integer>384</integer>
	<key>index_priority_num_file</key>
	<integer>91</integer>
	<key>index_priority_num_index_gen_compacted</key>
	<integer>1</integer>
	<key>index_priority_num_index_gen_non_compacted</key>
	<integer>1</integer>
	<key>index_priority_num_index_gen_read_only</key>
	<integer>1</integer>
	<key>index_priority_num_index_gen_writeable</key>
	<integer>1</integer>
	<key>index_priority_num_journal_file</key>
	<integer>3</integer>
	<key>index_priority_num_object_sdb</key>
	<integer>3429</integer>
	<key>index_priority_sdb_file_size_bytes</key>
	<integer>1658880</integer>
	<key>index_priority_sdb_shadow_file_size_bytes</key>
	<integer>1658880</integer>
	<key>index_priority_size_bytes</key>
	<integer>8997031</integer>
	<key>index_priority_time_since_last_open_clean</key>
	<integer>36479</integer>
	<key>index_priority_time_since_last_open_dirty</key>
	<integer>81972</integer>
	<key>index_priority_time_since_merge_vacuum_end</key>
	<integer>19216</integer>
	<key>index_priority_time_since_merge_vacuum_start</key>
	<integer>19219</integer>
	<key>system_fs_free_space_bytes</key>
	<integer>16021151744</integer>
	<key>system_fs_mount_flags</key>
	<integer>343969944</integer>
	<key>system_fs_total_space_bytes</key>
	<integer>255866785792</integer>
	<key>system_fs_type</key>
	<string>apfs</string>
	<key>system_total_ram_gb</key>
	<integer>4</integer>
	<key>system_volume_flags</key>
	<integer>18296925792237518977</integer>
	<key>time_since_last_heartbeat</key>
	<integer>12068</integer>
	<key>time_since_launch_1</key>
	<integer>36481</integer>
	<key>time_since_launch_2</key>
	<integer>56406</integer>
	<key>time_since_launch_3</key>
	<integer>72440</integer>
	<key>time_since_software_update</key>
	<integer>1991751</integer>
	<key>version_build</key>
	<string>23C71</string>
	<key>version_build_previous</key>
	<string>23C55</string>
	<key>version_spotlight</key>
	<string>2400.18.100</string>
	<key>version_spotlight_previous</key>
	<string>2333.57.1</string>
	<key>version_train_previous</key>
	<string>23C55</string>
</dict>
</plist>
