<?xml version="1.0" encoding="UTF-8"?>
<!DOCTYPE plist PUBLIC "-//Apple//DTD PLIST 1.0//EN" "http://www.apple.com/DTDs/PropertyList-1.0.dtd">
<plist version="1.0">
<dict>
	<key>_reportPID</key>
	<integer>13226</integer>
	<key>_reportProcessName</key>
	<string>searchd</string>
	<key>_reportTime</key>
	<string>2026-02-26-09-53-53</string>
	<key>age_corespotlight_index</key>
	<integer>41637480</integer>
	<key>age_heartbeat</key>
	<integer>38784315</integer>
	<key>config_global</key>
	<integer>0</integer>
	<key>config_locale</key>
	<string>en_US</string>
	<key>config_ota_version</key>
	<string>133.4.6</string>
	<key>data_collection_error</key>
	<integer>263168</integer>
	<key>index_a_age</key>
	<integer>6467148</integer>
	<key>index_a_config</key>
	<integer>0</integer>
	<key>index_a_count_add_request</key>
	<integer>0</integer>
	<key>index_a_count_delete_request</key>
	<integer>0</integer>
	<key>index_a_count_drop</key>
	<integer>0</integer>
	<key>index_a_count_drop_total</key>
	<integer>0</integer>
	<key>index_a_count_open_clean</key>
	<integer>0</integer>
	<key>index_a_count_open_dirty</key>
	<integer>0</integer>
	<key>index_a_count_update_request</key>
	<integer>0</integer>
	<key>index_a_max_index_gen_merge_level</key>
	<integer>1</integer>
	<key>index_a_max_journal_file_bytes</key>
	<integer>32</integer>
	<key>index_a_num_file</key>
	<integer>87</integer>
	<key>index_a_num_index_gen_compacted</key>
	<integer>1</integer>
	<key>index_a_num_index_gen_non_compacted</key>
	<integer>1</integer>
	<key>index_a_num_index_gen_read_only</key>
	<integer>1</integer>
	<key>index_a_num_index_gen_writeable</key>
	<integer>1</integer>
	<key>index_a_num_journal_file</key>
	<integer>1</integer>
	<key>index_a_num_object_sdb</key>
	<integer>860</integer>
	<key>index_a_sdb_file_size_bytes</key>
	<integer>5509120</integer>
	<key>index_a_sdb_shadow_file_size_bytes</key>
	<integer>5509120</integer>
	<key>index_a_size_bytes</key>
	<integer>12483386</integer>
	<key>index_a_time_since_last_open_clean</key>
	<integer>73931</integer>
	<key>index_a_time_since_last_open_dirty</key>
	<integer>71628</integer>
	<key>index_a_time_since_merge_vacuum_end</key>
	<integer>163686</integer>
	<key>index_a_time_since_merge_vacuum_start</key>
	<integer>163688</integer>
	<key>index_b_age</key>
	<integer>6456874</integer>
	<key>index_b_config</key>
	<integer>0</integer>
	<key>index_b_count_add_request</key>
	<integer>0</integer>
	<key>index_b_count_delete_request</key>
	<integer>0</integer>
	<key>index_b_count_drop</key>
	<integer>0</integer>
	<key>index_b_count_drop_total</key>
	<integer>0</integer>
	<key>index_b_count_open_clean</key>
	<integer>0</integer>
	<key>index_b_count_open_dirty</key>
	<integer>0</integer>
	<key>index_b_count_update_request</key>
	<integer>0</integer>
	<key>index_b_max_index_gen_merge_level</key>
	<integer>1</integer>
	<key>index_b_max_journal_file_bytes</key>
	<integer>32</integer>
	<key>index_b_num_file</key>
	<integer>84</integer>
	<key>index_b_num_index_gen_compacted</key>
	<integer>1</integer>
	<key>index_b_num_index_gen_non_compacted</key>
	<integer>1</integer>
	<key>index_b_num_index_gen_read_only</key>
	<integer>1</integer>
	<key>index_b_num_index_gen_writeable</key>
	<integer>1</integer>
	<key>index_b_num_journal_file</key>
	<integer>1</integer>
	<key>index_b_num_object_sdb</key>
	<integer>2</integer>
	<key>index_b_sdb_file_size_bytes</key>
	<integer>36864</integer>
	<key>index_b_sdb_shadow_file_size_bytes</key>
	<integer>36864</integer>
	<key>index_b_size_bytes</key>
	<integer>1062469</integer>
	<key>index_b_time_since_last_open_clean</key>
	<integer>71628</integer>
	<key>index_b_time_since_merge_vacuum_end</key>
	<integer>159581</integer>
	<key>index_b_time_since_merge_vacuum_start</key>
	<integer>161342</integer>
	<key>index_c_age</key>
	<integer>6631723</integer>
	<key>index_c_config</key>
	<integer>0</integer>
	<key>index_c_count_add_journaled</key>
	<integer>144</integer>
	<key>index_c_count_add_processed</key>
	<integer>142</integer>
	<key>index_c_count_add_request</key>
	<integer>13</integer>
	<key>index_c_count_delete_journaled</key>
	<integer>85</integer>
	<key>index_c_count_delete_processed</key>
	<integer>7</integer>
	<key>index_c_count_delete_request</key>
	<integer>1</integer>
	<key>index_c_count_drop</key>
	<integer>0</integer>
	<key>index_c_count_drop_total</key>
	<integer>1</integer>
	<key>index_c_count_open_clean</key>
	<integer>0</integer>
	<key>index_c_count_open_dirty</key>
	<integer>1</integer>
	<key>index_c_count_update_journaled</key>
	<integer>5887</integer>
	<key>index_c_count_update_processed</key>
	<integer>5916</integer>
	<key>index_c_count_update_request</key>
	<integer>10</integer>
	<key>index_c_max_index_gen_merge_level</key>
	<integer>1</integer>
	<key>index_c_max_journal_file_bytes</key>
	<integer>65334</integer>
	<key>index_c_num_file</key>
	<integer>108</integer>
	<key>index_c_num_index_gen_compacted</key>
	<integer>1</integer>
	<key>index_c_num_index_gen_non_compacted</key>
	<integer>2</integer>
	<key>index_c_num_index_gen_read_only</key>
	<integer>2</integer>
	<key>index_c_num_index_gen_writeable</key>
	<integer>1</integer>
	<key>index_c_num_journal_file</key>
	<integer>3</integer>
	<key>index_c_num_object_sdb</key>
	<integer>142239</integer>
	<key>index_c_sdb_file_size_bytes</key>
	<integer>83218432</integer>
	<key>index_c_sdb_shadow_file_size_bytes</key>
	<integer>83218432</integer>
	<key>index_c_size_bytes</key>
	<integer>360732144</integer>
	<key>index_c_time_since_last_open_clean</key>
	<integer>198767</integer>
	<key>index_c_time_since_last_open_dirty</key>
	<integer>6131</integer>
	<key>index_c_time_since_merge_vacuum_end</key>
	<integer>161129</integer>
	<key>index_c_time_since_merge_vacuum_start</key>
	<integer>161152</integer>
	<key>index_cx_age</key>
	<integer>6456874</integer>
	<key>index_cx_config</key>
	<integer>0</integer>
	<key>index_cx_count_add_request</key>
	<integer>0</integer>
	<key>index_cx_count_delete_request</key>
	<integer>0</integer>
	<key>index_cx_count_drop</key>
	<integer>0</integer>
	<key>index_cx_count_drop_total</key>
	<integer>0</integer>
	<key>index_cx_count_open_clean</key>
	<integer>0</integer>
	<key>index_cx_count_open_dirty</key>
	<integer>0</integer>
	<key>index_cx_count_update_request</key>
	<integer>0</integer>
	<key>index_cx_max_index_gen_merge_level</key>
	<integer>1</integer>
	<key>index_cx_max_journal_file_bytes</key>
	<integer>32</integer>
	<key>index_cx_num_file</key>
	<integer>84</integer>
	<key>index_cx_num_index_gen_compacted</key>
	<integer>1</integer>
	<key>index_cx_num_index_gen_non_compacted</key>
	<integer>1</integer>
	<key>index_cx_num_index_gen_read_only</key>
	<integer>1</integer>
	<key>index_cx_num_index_gen_writeable</key>
	<integer>1</integer>
	<key>index_cx_num_journal_file</key>
	<integer>1</integer>
	<key>index_cx_num_object_sdb</key>
	<integer>2</integer>
	<key>index_cx_sdb_file_size_bytes</key>
	<integer>36864</integer>
	<key>index_cx_sdb_shadow_file_size_bytes</key>
	<integer>36864</integer>
	<key>index_cx_size_bytes</key>
	<integer>1062469</integer>
	<key>index_cx_time_since_last_open_clean</key>
	<integer>71628</integer>
	<key>index_cx_time_since_merge_vacuum_end</key>
	<integer>161277</integer>
	<key>index_cx_time_since_merge_vacuum_start</key>
	<integer>161277</integer>
	<key>index_mail_age</key>
	<integer>6588333</integer>
	<key>index_mail_config</key>
	<integer>0</integer>
	<key>index_mail_count_add_journaled</key>
	<integer>0</integer>
	<key>index_mail_count_add_processed</key>
	<integer>0</integer>
	<key>index_mail_count_add_request</key>
	<integer>0</integer>
	<key>index_mail_count_delete_journaled</key>
	<integer>0</integer>
	<key>index_mail_count_delete_processed</key>
	<integer>0</integer>
	<key>index_mail_count_delete_request</key>
	<integer>0</integer>
	<key>index_mail_count_drop</key>
	<integer>0</integer>
	<key>index_mail_count_open_clean</key>
	<integer>1</integer>
	<key>index_mail_count_open_dirty</key>
	<integer>0</integer>
	<key>index_mail_count_update_journaled</key>
	<integer>0</integer>
	<key>index_mail_count_update_processed</key>
	<integer>0</integer>
	<key>index_mail_count_update_request</key>
	<integer>0</integer>
	<key>index_mail_max_index_gen_merge_level</key>
	<integer>1</integer>
	<key>index_mail_max_journal_file_bytes</key>
	<integer>96</integer>
	<key>index_mail_num_file</key>
	<integer>84</integer>
	<key>index_mail_num_index_gen_compacted</key>
	<integer>1</integer>
	<key>index_mail_num_index_gen_non_compacted</key>
	<integer>1</integer>
	<key>index_mail_num_index_gen_read_only</key>
	<integer>1</integer>
	<key>index_mail_num_index_gen_writeable</key>
	<integer>1</integer>
	<key>index_mail_num_journal_file</key>
	<integer>1</integer>
	<key>index_mail_num_object_sdb</key>
	<integer>2</integer>
	<key>index_mail_sdb_file_size_bytes</key>
	<integer>36864</integer>
	<key>index_mail_sdb_shadow_file_size_bytes</key>
	<integer>36864</integer>
	<key>index_mail_size_bytes</key>
	<integer>1062476</integer>
	<key>index_mail_time_since_last_open_clean</key>
	<integer>6132</integer>
	<key>index_mail_time_since_merge_vacuum_end</key>
	<integer>161273</integer>
	<key>index_mail_time_since_merge_vacuum_start</key>
	<integer>161274</integer>
	<key>index_priority_age</key>
	<integer>6631717</integer>
	<key>index_priority_config</key>
	<integer>0</integer>
	<key>index_priority_count_add_journaled</key>
	<integer>97</integer>
	<key>index_priority_count_add_processed</key>
	<integer>97</integer>
	<key>index_priority_count_add_request</key>
	<integer>88</integer>
	<key>index_priority_count_delete_journaled</key>
	<integer>4</integer>
	<key>index_priority_count_delete_processed</key>
	<integer>0</integer>
	<key>index_priority_count_delete_request</key>
	<integer>4</integer>
	<key>index_priority_count_drop</key>
	<integer>0</integer>
	<key>index_priority_count_drop_total</key>
	<integer>0</integer>
	<key>index_priority_count_open_clean</key>
	<integer>0</integer>
	<key>index_priority_count_open_dirty</key>
	<integer>1</integer>
	<key>index_priority_count_update_journaled</key>
	<integer>975</integer>
	<key>index_priority_count_update_processed</key>
	<integer>971</integer>
	<key>index_priority_count_update_request</key>
	<integer>413</integer>
	<key>index_priority_max_index_gen_merge_level</key>
	<integer>1</integer>
	<key>index_priority_max_journal_file_bytes</key>
	<integer>384</integer>
	<key>index_priority_num_file</key>
	<integer>89</integer>
	<key>index_priority_num_index_gen_compacted</key>
	<integer>1</integer>
	<key>index_priority_num_index_gen_non_compacted</key>
	<integer>1</integer>
	<key>index_priority_num_index_gen_read_only</key>
	<integer>1</integer>
	<key>index_priority_num_index_gen_writeable</key>
	<integer>1</integer>
	<key>index_priority_num_journal_file</key>
	<integer>3</integer>
	<key>index_priority_num_object_sdb</key>
	<integer>3425</integer>
	<key>index_priority_sdb_file_size_bytes</key>
	<integer>1708032</integer>
	<key>index_priority_sdb_shadow_file_size_bytes</key>
	<integer>1708032</integer>
	<key>index_priority_size_bytes</key>
	<integer>17227451</integer>
	<key>index_priority_time_since_last_open_clean</key>
	<integer>75241</integer>
	<key>index_priority_time_since_last_open_dirty</key>
	<integer>6131</integer>
	<key>index_priority_time_since_merge_end</key>
	<integer>507802</integer>
	<key>index_priority_time_since_merge_start</key>
	<integer>507811</integer>
	<key>index_priority_time_since_merge_vacuum_end</key>
	<integer>161257</integer>
	<key>index_priority_time_since_merge_vacuum_start</key>
	<integer>161259</integer>
	<key>system_fs_free_space_bytes</key>
	<integer>15820967936</integer>
	<key>system_fs_mount_flags</key>
	<integer>343969944</integer>
	<key>system_fs_total_space_bytes</key>
	<integer>255866785792</integer>
	<key>system_fs_type</key>
	<string>apfs</string>
	<key>system_total_ram_gb</key>
	<integer>4</integer>
	<key>system_volume_flags</key>
	<integer>18296925792237518977</integer>
	<key>time_since_last_heartbeat</key>
	<integer>33317</integer>
	<key>time_since_launch_1</key>
	<integer>6132</integer>
	<key>time_since_launch_2</key>
	<integer>71628</integer>
	<key>time_since_launch_3</key>
	<integer>75243</integer>
	<key>time_since_software_update</key>
	<integer>1774454</integer>
	<key>version_build</key>
	<string>23D127</string>
	<key>version_build_previous</key>
	<string>23C71</string>
	<key>version_spotlight</key>
	<string>2400.22</string>
	<key>version_spotlight_previous</key>
	<string>2400.18.100</string>
	<key>version_train_previous</key>
	<string>23C71</string>
</dict>
</plist>
