[2026-03-17 03:27:49.695] === Log file opened ===
[2026-03-17 03:27:49.695] Log path: /var/mobile/Containers/Data/Application/2061B422-5B95-4219-AC7C-1CEC9B883F44/Documents/parking_detection.log
[2026-03-17 03:27:49.696] Decision log path: /var/mobile/Containers/Data/Application/2061B422-5B95-4219-AC7C-1CEC9B883F44/Documents/parking_decisions.ndjson
[2026-03-17 03:27:49.696] Restored camera settings: enabled=true speed=true redlight=true volume=1.0
[2026-03-17 03:27:49.699] Registered parking_detected notification category with Correct/Wrong actions
[2026-03-17 03:27:49.699] BackgroundLocationModule initialized
[2026-03-17 03:27:49.703] [DECISION] {"speedSaysMoving":false,"ts":1773736069699.3088,"hasConfirmedParkingThisSession":false,"coreMotionAutomotive":false,"event":"module_initialized","isDriving":false}
[2026-03-17 03:27:49.723] Auth changed: 0
[2026-03-17 03:27:49.729] [DECISION] {"hasConfirmedParkingThisSession":false,"event":"location_auth_changed","ts":1773736069728.2129,"authRaw":0,"isDriving":false,"hasAlwaysPermission":false,"speedSaysMoving":false,"lowPowerModeEnabled":false,"coreMotionAutomotive":false,"backgroundRefreshStatus":"available"}
[2026-03-17 03:37:42.807] === Log file opened ===
[2026-03-17 03:37:42.808] Log path: /var/mobile/Containers/Data/Application/DB8D9316-3AFD-485B-954B-704AE4B54655/Documents/parking_detection.log
[2026-03-17 03:37:42.808] Decision log path: /var/mobile/Containers/Data/Application/DB8D9316-3AFD-485B-954B-704AE4B54655/Documents/parking_decisions.ndjson
[2026-03-17 03:37:42.808] Restored camera settings: enabled=true speed=true redlight=true volume=1.0
[2026-03-17 03:37:42.809] Registered parking_detected notification category with Correct/Wrong actions
[2026-03-17 03:37:42.810] BackgroundLocationModule initialized
[2026-03-17 03:37:42.811] [DECISION] {"event":"module_initialized","coreMotionAutomotive":false,"hasConfirmedParkingThisSession":false,"isDriving":false,"ts":1773736662809.6409,"speedSaysMoving":false}
[2026-03-17 03:37:43.182] Auth changed: 0
[2026-03-17 03:37:43.194] [DECISION] {"hasAlwaysPermission":false,"backgroundRefreshStatus":"available","event":"location_auth_changed","ts":1773736663193.0051,"hasConfirmedParkingThisSession":false,"authRaw":0,"lowPowerModeEnabled":false,"isDriving":false,"coreMotionAutomotive":false,"speedSaysMoving":false}
[2026-03-17 03:50:06.206] [DECISION] {"isDriving":false,"event":"stop_monitoring_called","ts":1773737406203.2959,"coreMotionAutomotive":false,"hasConfirmedParkingThisSession":false,"speedSaysMoving":false}
[2026-03-17 03:50:06.216] Cleared persisted parking state from UserDefaults
[2026-03-17 03:50:06.217] Monitoring stopped
[2026-03-17 03:50:08.000] Auth changed: 3
[2026-03-17 03:50:08.021] [DECISION] {"authRaw":3,"lowPowerModeEnabled":false,"curLat":41.926235891811345,"hasAlwaysPermission":true,"isDriving":false,"event":"location_auth_changed","curLng":-87.663849254708325,"curAcc":15.495014000000001,"curSpeed":-1,"backgroundRefreshStatus":"available","ts":1773737408000.6899,"hasConfirmedParkingThisSession":false,"coreMotionAutomotive":false,"speedSaysMoving":false}
