[2026-03-17 04:00:12.526] === Log file opened ===
[2026-03-17 04:00:12.526] Log path: /var/mobile/Containers/Data/Application/2EB24FF0-E3ED-4EC9-A3AF-6947282E0FF3/Documents/parking_detection.log
[2026-03-17 04:00:12.527] Decision log path: /var/mobile/Containers/Data/Application/2EB24FF0-E3ED-4EC9-A3AF-6947282E0FF3/Documents/parking_decisions.ndjson
[2026-03-17 04:00:12.527] Restored camera settings: enabled=true speed=true redlight=true volume=1.0
[2026-03-17 04:00:12.529] Registered parking_detected notification category with Correct/Wrong actions
[2026-03-17 04:00:12.530] BackgroundLocationModule initialized
[2026-03-17 04:00:12.531] [DECISION] {"ts":1773738012529.623,"hasConfirmedParkingThisSession":false,"isDriving":false,"coreMotionAutomotive":false,"speedSaysMoving":false,"event":"module_initialized"}
[2026-03-17 04:00:12.546] Auth changed: 0
[2026-03-17 04:00:12.550] [DECISION] {"speedSaysMoving":false,"ts":1773738012549.553,"hasAlwaysPermission":false,"lowPowerModeEnabled":false,"coreMotionAutomotive":false,"authRaw":0,"backgroundRefreshStatus":"available","hasConfirmedParkingThisSession":false,"isDriving":false,"event":"location_auth_changed"}
[2026-03-17 15:54:09.650] === Log file opened ===
[2026-03-17 15:54:09.650] Log path: /var/mobile/Containers/Data/Application/2EB24FF0-E3ED-4EC9-A3AF-6947282E0FF3/Documents/parking_detection.log
[2026-03-17 15:54:09.651] Decision log path: /var/mobile/Containers/Data/Application/2EB24FF0-E3ED-4EC9-A3AF-6947282E0FF3/Documents/parking_decisions.ndjson
[2026-03-17 15:54:09.651] Restored camera settings: enabled=true speed=true redlight=true volume=1.0
[2026-03-17 15:54:09.653] Registered parking_detected notification category with Correct/Wrong actions
[2026-03-17 15:54:09.653] BackgroundLocationModule initialized
[2026-03-17 15:54:09.654] [DECISION] {"isDriving":false,"coreMotionAutomotive":false,"speedSaysMoving":false,"event":"module_initialized","ts":1773780849652.8379,"hasConfirmedParkingThisSession":false}
[2026-03-17 15:54:09.667] Auth changed: 0
[2026-03-17 15:54:09.671] [DECISION] {"coreMotionAutomotive":false,"backgroundRefreshStatus":"available","speedSaysMoving":false,"authRaw":0,"hasConfirmedParkingThisSession":false,"ts":1773780849670.6829,"hasAlwaysPermission":false,"lowPowerModeEnabled":false,"event":"location_auth_changed","isDriving":false}
[2026-03-17 17:27:00.156] === Log file opened ===
[2026-03-17 17:27:00.156] Log path: /var/mobile/Containers/Data/Application/36DF1792-2F36-49A9-A2ED-320752664473/Documents/parking_detection.log
[2026-03-17 17:27:00.157] Decision log path: /var/mobile/Containers/Data/Application/36DF1792-2F36-49A9-A2ED-320752664473/Documents/parking_decisions.ndjson
[2026-03-17 17:27:00.157] Restored camera settings: enabled=true speed=true redlight=true volume=1.0
[2026-03-17 17:27:00.159] Registered parking_detected notification category with Correct/Wrong actions
[2026-03-17 17:27:00.159] BackgroundLocationModule initialized
[2026-03-17 17:27:00.161] [DECISION] {"hasConfirmedParkingThisSession":false,"ts":1773786420158.7251,"isDriving":false,"event":"module_initialized","coreMotionAutomotive":false,"speedSaysMoving":false}
[2026-03-17 17:27:00.172] Auth changed: 0
[2026-03-17 17:27:00.174] [DECISION] {"hasConfirmedParkingThisSession":false,"hasAlwaysPermission":false,"event":"location_auth_changed","authRaw":0,"lowPowerModeEnabled":false,"backgroundRefreshStatus":"available","ts":1773786420173.8469,"speedSaysMoving":false,"isDriving":false,"coreMotionAutomotive":false}
