<?xml version="1.0" encoding="UTF-8"?>
<!DOCTYPE plist PUBLIC "-//Apple//DTD PLIST 1.0//EN" "http://www.apple.com/DTDs/PropertyList-1.0.dtd">
<plist version="1.0">
<dict>
	<key>_reportPID</key>
	<integer>45097</integer>
	<key>_reportProcessName</key>
	<string>searchd</string>
	<key>_reportTime</key>
	<string>2026-03-10-20-43-16</string>
	<key>age_corespotlight_index</key>
	<integer>42709642</integer>
	<key>age_heartbeat</key>
	<integer>39856477</integer>
	<key>config_global</key>
	<integer>0</integer>
	<key>config_locale</key>
	<string>en_US</string>
	<key>config_ota_version</key>
	<string>133.4.6</string>
	<key>data_collection_error</key>
	<integer>0</integer>
	<key>index_a_age</key>
	<integer>7539310</integer>
	<key>index_a_config</key>
	<integer>0</integer>
	<key>index_a_count_add_journaled</key>
	<integer>27</integer>
	<key>index_a_count_add_processed</key>
	<integer>27</integer>
	<key>index_a_count_add_request</key>
	<integer>27</integer>
	<key>index_a_count_delete_journaled</key>
	<integer>50</integer>
	<key>index_a_count_delete_processed</key>
	<integer>23</integer>
	<key>index_a_count_delete_request</key>
	<integer>0</integer>
	<key>index_a_count_drop</key>
	<integer>0</integer>
	<key>index_a_count_drop_total</key>
	<integer>0</integer>
	<key>index_a_count_open_clean</key>
	<integer>0</integer>
	<key>index_a_count_open_dirty</key>
	<integer>0</integer>
	<key>index_a_count_update_journaled</key>
	<integer>0</integer>
	<key>index_a_count_update_processed</key>
	<integer>0</integer>
	<key>index_a_count_update_request</key>
	<integer>0</integer>
	<key>index_a_max_index_gen_merge_level</key>
	<integer>1</integer>
	<key>index_a_max_journal_file_bytes</key>
	<integer>32</integer>
	<key>index_a_num_file</key>
	<integer>89</integer>
	<key>index_a_num_index_gen_compacted</key>
	<integer>1</integer>
	<key>index_a_num_index_gen_non_compacted</key>
	<integer>1</integer>
	<key>index_a_num_index_gen_read_only</key>
	<integer>1</integer>
	<key>index_a_num_index_gen_writeable</key>
	<integer>1</integer>
	<key>index_a_num_journal_file</key>
	<integer>1</integer>
	<key>index_a_num_object_sdb</key>
	<integer>541</integer>
	<key>index_a_sdb_file_size_bytes</key>
	<integer>4313088</integer>
	<key>index_a_sdb_shadow_file_size_bytes</key>
	<integer>4313088</integer>
	<key>index_a_size_bytes</key>
	<integer>10011480</integer>
	<key>index_a_time_since_last_open_clean</key>
	<integer>257240</integer>
	<key>index_a_time_since_last_open_dirty</key>
	<integer>65218</integer>
	<key>index_a_time_since_merge_vacuum_end</key>
	<integer>65162</integer>
	<key>index_a_time_since_merge_vacuum_start</key>
	<integer>65164</integer>
	<key>index_b_age</key>
	<integer>7529036</integer>
	<key>index_b_config</key>
	<integer>0</integer>
	<key>index_b_count_add_journaled</key>
	<integer>0</integer>
	<key>index_b_count_add_processed</key>
	<integer>0</integer>
	<key>index_b_count_add_request</key>
	<integer>0</integer>
	<key>index_b_count_delete_journaled</key>
	<integer>0</integer>
	<key>index_b_count_delete_processed</key>
	<integer>0</integer>
	<key>index_b_count_delete_request</key>
	<integer>0</integer>
	<key>index_b_count_drop</key>
	<integer>0</integer>
	<key>index_b_count_drop_total</key>
	<integer>0</integer>
	<key>index_b_count_open_clean</key>
	<integer>0</integer>
	<key>index_b_count_open_dirty</key>
	<integer>0</integer>
	<key>index_b_count_update_journaled</key>
	<integer>0</integer>
	<key>index_b_count_update_processed</key>
	<integer>0</integer>
	<key>index_b_count_update_request</key>
	<integer>0</integer>
	<key>index_b_max_index_gen_merge_level</key>
	<integer>1</integer>
	<key>index_b_max_journal_file_bytes</key>
	<integer>32</integer>
	<key>index_b_num_file</key>
	<integer>85</integer>
	<key>index_b_num_index_gen_compacted</key>
	<integer>1</integer>
	<key>index_b_num_index_gen_non_compacted</key>
	<integer>1</integer>
	<key>index_b_num_index_gen_read_only</key>
	<integer>1</integer>
	<key>index_b_num_index_gen_writeable</key>
	<integer>1</integer>
	<key>index_b_num_journal_file</key>
	<integer>1</integer>
	<key>index_b_num_object_sdb</key>
	<integer>2</integer>
	<key>index_b_sdb_file_size_bytes</key>
	<integer>36864</integer>
	<key>index_b_sdb_shadow_file_size_bytes</key>
	<integer>36864</integer>
	<key>index_b_size_bytes</key>
	<integer>1029737</integer>
	<key>index_b_time_since_last_open_clean</key>
	<integer>65219</integer>
	<key>index_b_time_since_merge_vacuum_end</key>
	<integer>61305</integer>
	<key>index_b_time_since_merge_vacuum_start</key>
	<integer>61310</integer>
	<key>index_c_age</key>
	<integer>7703885</integer>
	<key>index_c_config</key>
	<integer>0</integer>
	<key>index_c_count_add_journaled</key>
	<integer>102</integer>
	<key>index_c_count_add_processed</key>
	<integer>102</integer>
	<key>index_c_count_add_request</key>
	<integer>102</integer>
	<key>index_c_count_delete_journaled</key>
	<integer>6</integer>
	<key>index_c_count_delete_processed</key>
	<integer>0</integer>
	<key>index_c_count_delete_request</key>
	<integer>4</integer>
	<key>index_c_count_drop</key>
	<integer>0</integer>
	<key>index_c_count_drop_total</key>
	<integer>1</integer>
	<key>index_c_count_open_clean</key>
	<integer>0</integer>
	<key>index_c_count_open_dirty</key>
	<integer>0</integer>
	<key>index_c_count_update_journaled</key>
	<integer>8</integer>
	<key>index_c_count_update_processed</key>
	<integer>26</integer>
	<key>index_c_count_update_request</key>
	<integer>8</integer>
	<key>index_c_max_index_gen_merge_level</key>
	<integer>1</integer>
	<key>index_c_max_journal_file_bytes</key>
	<integer>3409</integer>
	<key>index_c_num_file</key>
	<integer>92</integer>
	<key>index_c_num_index_gen_compacted</key>
	<integer>1</integer>
	<key>index_c_num_index_gen_non_compacted</key>
	<integer>1</integer>
	<key>index_c_num_index_gen_read_only</key>
	<integer>1</integer>
	<key>index_c_num_index_gen_writeable</key>
	<integer>1</integer>
	<key>index_c_num_journal_file</key>
	<integer>3</integer>
	<key>index_c_num_object_sdb</key>
	<integer>143663</integer>
	<key>index_c_sdb_file_size_bytes</key>
	<integer>86593536</integer>
	<key>index_c_sdb_shadow_file_size_bytes</key>
	<integer>86593536</integer>
	<key>index_c_size_bytes</key>
	<integer>365795140</integer>
	<key>index_c_time_since_last_open_clean</key>
	<integer>378806</integer>
	<key>index_c_time_since_last_open_dirty</key>
	<integer>65218</integer>
	<key>index_c_time_since_merge_end</key>
	<integer>378789</integer>
	<key>index_c_time_since_merge_start</key>
	<integer>378800</integer>
	<key>index_c_time_since_merge_vacuum_end</key>
	<integer>65118</integer>
	<key>index_c_time_since_merge_vacuum_start</key>
	<integer>65163</integer>
	<key>index_cx_age</key>
	<integer>7529036</integer>
	<key>index_cx_config</key>
	<integer>0</integer>
	<key>index_cx_count_add_journaled</key>
	<integer>0</integer>
	<key>index_cx_count_add_processed</key>
	<integer>0</integer>
	<key>index_cx_count_add_request</key>
	<integer>0</integer>
	<key>index_cx_count_delete_journaled</key>
	<integer>0</integer>
	<key>index_cx_count_delete_processed</key>
	<integer>0</integer>
	<key>index_cx_count_delete_request</key>
	<integer>0</integer>
	<key>index_cx_count_drop</key>
	<integer>0</integer>
	<key>index_cx_count_drop_total</key>
	<integer>0</integer>
	<key>index_cx_count_open_clean</key>
	<integer>0</integer>
	<key>index_cx_count_open_dirty</key>
	<integer>0</integer>
	<key>index_cx_count_update_journaled</key>
	<integer>0</integer>
	<key>index_cx_count_update_processed</key>
	<integer>0</integer>
	<key>index_cx_count_update_request</key>
	<integer>0</integer>
	<key>index_cx_max_index_gen_merge_level</key>
	<integer>1</integer>
	<key>index_cx_max_journal_file_bytes</key>
	<integer>32</integer>
	<key>index_cx_num_file</key>
	<integer>86</integer>
	<key>index_cx_num_index_gen_compacted</key>
	<integer>1</integer>
	<key>index_cx_num_index_gen_non_compacted</key>
	<integer>1</integer>
	<key>index_cx_num_index_gen_read_only</key>
	<integer>1</integer>
	<key>index_cx_num_index_gen_writeable</key>
	<integer>1</integer>
	<key>index_cx_num_journal_file</key>
	<integer>1</integer>
	<key>index_cx_num_object_sdb</key>
	<integer>2</integer>
	<key>index_cx_sdb_file_size_bytes</key>
	<integer>36864</integer>
	<key>index_cx_sdb_shadow_file_size_bytes</key>
	<integer>36864</integer>
	<key>index_cx_size_bytes</key>
	<integer>1029793</integer>
	<key>index_cx_time_since_last_open_clean</key>
	<integer>65219</integer>
	<key>index_cx_time_since_merge_vacuum_end</key>
	<integer>65162</integer>
	<key>index_cx_time_since_merge_vacuum_start</key>
	<integer>65164</integer>
	<key>index_mail_age</key>
	<integer>7660495</integer>
	<key>index_mail_config</key>
	<integer>0</integer>
	<key>index_mail_count_add_journaled</key>
	<integer>0</integer>
	<key>index_mail_count_add_processed</key>
	<integer>0</integer>
	<key>index_mail_count_add_request</key>
	<integer>0</integer>
	<key>index_mail_count_delete_journaled</key>
	<integer>0</integer>
	<key>index_mail_count_delete_processed</key>
	<integer>0</integer>
	<key>index_mail_count_delete_request</key>
	<integer>0</integer>
	<key>index_mail_count_drop</key>
	<integer>0</integer>
	<key>index_mail_count_open_clean</key>
	<integer>0</integer>
	<key>index_mail_count_open_dirty</key>
	<integer>0</integer>
	<key>index_mail_count_update_journaled</key>
	<integer>0</integer>
	<key>index_mail_count_update_processed</key>
	<integer>0</integer>
	<key>index_mail_count_update_request</key>
	<integer>0</integer>
	<key>index_mail_max_index_gen_merge_level</key>
	<integer>1</integer>
	<key>index_mail_max_journal_file_bytes</key>
	<integer>96</integer>
	<key>index_mail_num_file</key>
	<integer>86</integer>
	<key>index_mail_num_index_gen_compacted</key>
	<integer>1</integer>
	<key>index_mail_num_index_gen_non_compacted</key>
	<integer>1</integer>
	<key>index_mail_num_index_gen_read_only</key>
	<integer>1</integer>
	<key>index_mail_num_index_gen_writeable</key>
	<integer>1</integer>
	<key>index_mail_num_journal_file</key>
	<integer>1</integer>
	<key>index_mail_num_object_sdb</key>
	<integer>2</integer>
	<key>index_mail_sdb_file_size_bytes</key>
	<integer>36864</integer>
	<key>index_mail_sdb_shadow_file_size_bytes</key>
	<integer>36864</integer>
	<key>index_mail_size_bytes</key>
	<integer>1029800</integer>
	<key>index_mail_time_since_last_open_clean</key>
	<integer>65219</integer>
	<key>index_mail_time_since_merge_vacuum_end</key>
	<integer>65161</integer>
	<key>index_mail_time_since_merge_vacuum_start</key>
	<integer>65162</integer>
	<key>index_priority_age</key>
	<integer>7703879</integer>
	<key>index_priority_config</key>
	<integer>0</integer>
	<key>index_priority_count_add_journaled</key>
	<integer>120</integer>
	<key>index_priority_count_add_processed</key>
	<integer>120</integer>
	<key>index_priority_count_add_request</key>
	<integer>120</integer>
	<key>index_priority_count_delete_journaled</key>
	<integer>6</integer>
	<key>index_priority_count_delete_processed</key>
	<integer>0</integer>
	<key>index_priority_count_delete_request</key>
	<integer>6</integer>
	<key>index_priority_count_drop</key>
	<integer>0</integer>
	<key>index_priority_count_drop_total</key>
	<integer>0</integer>
	<key>index_priority_count_open_clean</key>
	<integer>0</integer>
	<key>index_priority_count_open_dirty</key>
	<integer>0</integer>
	<key>index_priority_count_update_journaled</key>
	<integer>982</integer>
	<key>index_priority_count_update_processed</key>
	<integer>989</integer>
	<key>index_priority_count_update_request</key>
	<integer>978</integer>
	<key>index_priority_max_index_gen_merge_level</key>
	<integer>1</integer>
	<key>index_priority_max_journal_file_bytes</key>
	<integer>384</integer>
	<key>index_priority_num_file</key>
	<integer>92</integer>
	<key>index_priority_num_index_gen_compacted</key>
	<integer>1</integer>
	<key>index_priority_num_index_gen_non_compacted</key>
	<integer>1</integer>
	<key>index_priority_num_index_gen_read_only</key>
	<integer>1</integer>
	<key>index_priority_num_index_gen_writeable</key>
	<integer>1</integer>
	<key>index_priority_num_journal_file</key>
	<integer>3</integer>
	<key>index_priority_num_object_sdb</key>
	<integer>3281</integer>
	<key>index_priority_sdb_file_size_bytes</key>
	<integer>1691648</integer>
	<key>index_priority_sdb_shadow_file_size_bytes</key>
	<integer>1691648</integer>
	<key>index_priority_size_bytes</key>
	<integer>13323510</integer>
	<key>index_priority_time_since_last_open_clean</key>
	<integer>155735</integer>
	<key>index_priority_time_since_last_open_dirty</key>
	<integer>65218</integer>
	<key>index_priority_time_since_merge_end</key>
	<integer>443904</integer>
	<key>index_priority_time_since_merge_start</key>
	<integer>443923</integer>
	<key>index_priority_time_since_merge_vacuum_end</key>
	<integer>65158</integer>
	<key>index_priority_time_since_merge_vacuum_start</key>
	<integer>65159</integer>
	<key>system_fs_free_space_bytes</key>
	<integer>16641474560</integer>
	<key>system_fs_mount_flags</key>
	<integer>343969944</integer>
	<key>system_fs_total_space_bytes</key>
	<integer>255866785792</integer>
	<key>system_fs_type</key>
	<string>apfs</string>
	<key>system_total_ram_gb</key>
	<integer>4</integer>
	<key>system_volume_flags</key>
	<integer>18296925792237518977</integer>
	<key>time_since_last_heartbeat</key>
	<integer>11571</integer>
	<key>time_since_launch_1</key>
	<integer>65219</integer>
	<key>time_since_launch_2</key>
	<integer>155735</integer>
	<key>time_since_launch_3</key>
	<integer>257240</integer>
	<key>time_since_software_update</key>
	<integer>1026349</integer>
	<key>version_build</key>
	<string>23D8133</string>
	<key>version_build_previous</key>
	<string>23D127</string>
	<key>version_spotlight</key>
	<string>2400.22</string>
	<key>version_spotlight_previous</key>
	<string>2400.18.100</string>
	<key>version_train_previous</key>
	<string>23D127</string>
</dict>
</plist>
