<?xml version="1.0" encoding="UTF-8"?>
<!DOCTYPE plist PUBLIC "-//Apple//DTD PLIST 1.0//EN" "http://www.apple.com/DTDs/PropertyList-1.0.dtd">
<plist version="1.0">
<dict>
	<key>_reportPID</key>
	<integer>24367</integer>
	<key>_reportProcessName</key>
	<string>searchd</string>
	<key>_reportTime</key>
	<string>2026-04-16-08-44-40</string>
	<key>age_corespotlight_index</key>
	<integer>45863326</integer>
	<key>age_heartbeat</key>
	<integer>43010161</integer>
	<key>config_global</key>
	<integer>0</integer>
	<key>config_locale</key>
	<string>en_US</string>
	<key>config_ota_version</key>
	<string>133.4.6</string>
	<key>data_collection_error</key>
	<integer>0</integer>
	<key>index_a_age</key>
	<integer>10692994</integer>
	<key>index_a_config</key>
	<integer>0</integer>
	<key>index_a_count_add_journaled</key>
	<integer>2</integer>
	<key>index_a_count_add_processed</key>
	<integer>2</integer>
	<key>index_a_count_add_request</key>
	<integer>2</integer>
	<key>index_a_count_delete_journaled</key>
	<integer>3</integer>
	<key>index_a_count_delete_processed</key>
	<integer>1</integer>
	<key>index_a_count_delete_request</key>
	<integer>0</integer>
	<key>index_a_count_drop</key>
	<integer>0</integer>
	<key>index_a_count_drop_total</key>
	<integer>0</integer>
	<key>index_a_count_open_clean</key>
	<integer>0</integer>
	<key>index_a_count_open_dirty</key>
	<integer>0</integer>
	<key>index_a_count_update_journaled</key>
	<integer>0</integer>
	<key>index_a_count_update_processed</key>
	<integer>0</integer>
	<key>index_a_count_update_request</key>
	<integer>0</integer>
	<key>index_a_max_index_gen_merge_level</key>
	<integer>1</integer>
	<key>index_a_max_journal_file_bytes</key>
	<integer>32</integer>
	<key>index_a_num_file</key>
	<integer>91</integer>
	<key>index_a_num_index_gen_compacted</key>
	<integer>1</integer>
	<key>index_a_num_index_gen_non_compacted</key>
	<integer>1</integer>
	<key>index_a_num_index_gen_read_only</key>
	<integer>1</integer>
	<key>index_a_num_index_gen_writeable</key>
	<integer>1</integer>
	<key>index_a_num_journal_file</key>
	<integer>1</integer>
	<key>index_a_num_object_sdb</key>
	<integer>293</integer>
	<key>index_a_sdb_file_size_bytes</key>
	<integer>1331200</integer>
	<key>index_a_sdb_shadow_file_size_bytes</key>
	<integer>1331200</integer>
	<key>index_a_size_bytes</key>
	<integer>4303941</integer>
	<key>index_a_time_since_last_open_clean</key>
	<integer>240311</integer>
	<key>index_a_time_since_last_open_dirty</key>
	<integer>395271</integer>
	<key>index_a_time_since_merge_vacuum_end</key>
	<integer>30166</integer>
	<key>index_a_time_since_merge_vacuum_start</key>
	<integer>30169</integer>
	<key>index_a_time_since_sync_end</key>
	<integer>2</integer>
	<key>index_a_time_since_sync_start</key>
	<integer>2</integer>
	<key>index_b_age</key>
	<integer>10682720</integer>
	<key>index_b_config</key>
	<integer>0</integer>
	<key>index_b_count_add_journaled</key>
	<integer>0</integer>
	<key>index_b_count_add_processed</key>
	<integer>0</integer>
	<key>index_b_count_add_request</key>
	<integer>0</integer>
	<key>index_b_count_delete_journaled</key>
	<integer>0</integer>
	<key>index_b_count_delete_processed</key>
	<integer>0</integer>
	<key>index_b_count_delete_request</key>
	<integer>0</integer>
	<key>index_b_count_drop</key>
	<integer>0</integer>
	<key>index_b_count_drop_total</key>
	<integer>0</integer>
	<key>index_b_count_open_clean</key>
	<integer>0</integer>
	<key>index_b_count_open_dirty</key>
	<integer>0</integer>
	<key>index_b_count_update_journaled</key>
	<integer>0</integer>
	<key>index_b_count_update_processed</key>
	<integer>0</integer>
	<key>index_b_count_update_request</key>
	<integer>0</integer>
	<key>index_b_max_index_gen_merge_level</key>
	<integer>1</integer>
	<key>index_b_max_journal_file_bytes</key>
	<integer>32</integer>
	<key>index_b_num_file</key>
	<integer>88</integer>
	<key>index_b_num_index_gen_compacted</key>
	<integer>1</integer>
	<key>index_b_num_index_gen_non_compacted</key>
	<integer>1</integer>
	<key>index_b_num_index_gen_read_only</key>
	<integer>1</integer>
	<key>index_b_num_index_gen_writeable</key>
	<integer>1</integer>
	<key>index_b_num_journal_file</key>
	<integer>1</integer>
	<key>index_b_num_object_sdb</key>
	<integer>2</integer>
	<key>index_b_sdb_file_size_bytes</key>
	<integer>36864</integer>
	<key>index_b_sdb_shadow_file_size_bytes</key>
	<integer>36864</integer>
	<key>index_b_size_bytes</key>
	<integer>1029796</integer>
	<key>index_b_time_since_last_open_clean</key>
	<integer>240311</integer>
	<key>index_b_time_since_merge_vacuum_end</key>
	<integer>30167</integer>
	<key>index_b_time_since_merge_vacuum_start</key>
	<integer>30169</integer>
	<key>index_b_time_since_sync_end</key>
	<integer>2</integer>
	<key>index_b_time_since_sync_start</key>
	<integer>2</integer>
	<key>index_c_age</key>
	<integer>10857569</integer>
	<key>index_c_config</key>
	<integer>0</integer>
	<key>index_c_count_add_journaled</key>
	<integer>475</integer>
	<key>index_c_count_add_processed</key>
	<integer>475</integer>
	<key>index_c_count_add_request</key>
	<integer>475</integer>
	<key>index_c_count_delete_journaled</key>
	<integer>89</integer>
	<key>index_c_count_delete_processed</key>
	<integer>31</integer>
	<key>index_c_count_delete_request</key>
	<integer>58</integer>
	<key>index_c_count_drop</key>
	<integer>0</integer>
	<key>index_c_count_drop_total</key>
	<integer>1</integer>
	<key>index_c_count_open_clean</key>
	<integer>0</integer>
	<key>index_c_count_open_dirty</key>
	<integer>0</integer>
	<key>index_c_count_update_journaled</key>
	<integer>1869</integer>
	<key>index_c_count_update_processed</key>
	<integer>1901</integer>
	<key>index_c_count_update_request</key>
	<integer>1857</integer>
	<key>index_c_max_index_gen_merge_level</key>
	<integer>1</integer>
	<key>index_c_max_journal_file_bytes</key>
	<integer>184</integer>
	<key>index_c_num_file</key>
	<integer>92</integer>
	<key>index_c_num_index_gen_compacted</key>
	<integer>1</integer>
	<key>index_c_num_index_gen_non_compacted</key>
	<integer>1</integer>
	<key>index_c_num_index_gen_read_only</key>
	<integer>1</integer>
	<key>index_c_num_index_gen_writeable</key>
	<integer>1</integer>
	<key>index_c_num_journal_file</key>
	<integer>3</integer>
	<key>index_c_num_object_sdb</key>
	<integer>148052</integer>
	<key>index_c_sdb_file_size_bytes</key>
	<integer>99848192</integer>
	<key>index_c_sdb_shadow_file_size_bytes</key>
	<integer>99848192</integer>
	<key>index_c_size_bytes</key>
	<integer>365226646</integer>
	<key>index_c_time_since_last_open_clean</key>
	<integer>425194</integer>
	<key>index_c_time_since_last_open_dirty</key>
	<integer>240311</integer>
	<key>index_c_time_since_merge_end</key>
	<integer>329226</integer>
	<key>index_c_time_since_merge_start</key>
	<integer>329226</integer>
	<key>index_c_time_since_merge_vacuum_end</key>
	<integer>47025</integer>
	<key>index_c_time_since_merge_vacuum_start</key>
	<integer>47062</integer>
	<key>index_c_time_since_sync_end</key>
	<integer>176</integer>
	<key>index_c_time_since_sync_start</key>
	<integer>177</integer>
	<key>index_cx_age</key>
	<integer>10682720</integer>
	<key>index_cx_config</key>
	<integer>0</integer>
	<key>index_cx_count_add_journaled</key>
	<integer>0</integer>
	<key>index_cx_count_add_processed</key>
	<integer>0</integer>
	<key>index_cx_count_add_request</key>
	<integer>0</integer>
	<key>index_cx_count_delete_journaled</key>
	<integer>0</integer>
	<key>index_cx_count_delete_processed</key>
	<integer>0</integer>
	<key>index_cx_count_delete_request</key>
	<integer>0</integer>
	<key>index_cx_count_drop</key>
	<integer>0</integer>
	<key>index_cx_count_drop_total</key>
	<integer>0</integer>
	<key>index_cx_count_open_clean</key>
	<integer>0</integer>
	<key>index_cx_count_open_dirty</key>
	<integer>0</integer>
	<key>index_cx_count_update_journaled</key>
	<integer>0</integer>
	<key>index_cx_count_update_processed</key>
	<integer>0</integer>
	<key>index_cx_count_update_request</key>
	<integer>0</integer>
	<key>index_cx_max_index_gen_merge_level</key>
	<integer>1</integer>
	<key>index_cx_max_journal_file_bytes</key>
	<integer>32</integer>
	<key>index_cx_num_file</key>
	<integer>88</integer>
	<key>index_cx_num_index_gen_compacted</key>
	<integer>1</integer>
	<key>index_cx_num_index_gen_non_compacted</key>
	<integer>1</integer>
	<key>index_cx_num_index_gen_read_only</key>
	<integer>1</integer>
	<key>index_cx_num_index_gen_writeable</key>
	<integer>1</integer>
	<key>index_cx_num_journal_file</key>
	<integer>1</integer>
	<key>index_cx_num_object_sdb</key>
	<integer>2</integer>
	<key>index_cx_sdb_file_size_bytes</key>
	<integer>36864</integer>
	<key>index_cx_sdb_shadow_file_size_bytes</key>
	<integer>36864</integer>
	<key>index_cx_size_bytes</key>
	<integer>1029796</integer>
	<key>index_cx_time_since_last_open_clean</key>
	<integer>240311</integer>
	<key>index_cx_time_since_merge_vacuum_end</key>
	<integer>47143</integer>
	<key>index_cx_time_since_merge_vacuum_start</key>
	<integer>47144</integer>
	<key>index_cx_time_since_sync_end</key>
	<integer>2</integer>
	<key>index_cx_time_since_sync_start</key>
	<integer>2</integer>
	<key>index_mail_age</key>
	<integer>10814179</integer>
	<key>index_mail_config</key>
	<integer>0</integer>
	<key>index_mail_count_add_journaled</key>
	<integer>0</integer>
	<key>index_mail_count_add_processed</key>
	<integer>0</integer>
	<key>index_mail_count_add_request</key>
	<integer>0</integer>
	<key>index_mail_count_delete_journaled</key>
	<integer>0</integer>
	<key>index_mail_count_delete_processed</key>
	<integer>0</integer>
	<key>index_mail_count_delete_request</key>
	<integer>0</integer>
	<key>index_mail_count_drop</key>
	<integer>0</integer>
	<key>index_mail_count_open_clean</key>
	<integer>0</integer>
	<key>index_mail_count_open_dirty</key>
	<integer>0</integer>
	<key>index_mail_count_update_journaled</key>
	<integer>0</integer>
	<key>index_mail_count_update_processed</key>
	<integer>0</integer>
	<key>index_mail_count_update_request</key>
	<integer>0</integer>
	<key>index_mail_max_index_gen_merge_level</key>
	<integer>1</integer>
	<key>index_mail_max_journal_file_bytes</key>
	<integer>96</integer>
	<key>index_mail_num_file</key>
	<integer>88</integer>
	<key>index_mail_num_index_gen_compacted</key>
	<integer>1</integer>
	<key>index_mail_num_index_gen_non_compacted</key>
	<integer>1</integer>
	<key>index_mail_num_index_gen_read_only</key>
	<integer>1</integer>
	<key>index_mail_num_index_gen_writeable</key>
	<integer>1</integer>
	<key>index_mail_num_journal_file</key>
	<integer>1</integer>
	<key>index_mail_num_object_sdb</key>
	<integer>2</integer>
	<key>index_mail_sdb_file_size_bytes</key>
	<integer>36864</integer>
	<key>index_mail_sdb_shadow_file_size_bytes</key>
	<integer>36864</integer>
	<key>index_mail_size_bytes</key>
	<integer>1029804</integer>
	<key>index_mail_time_since_last_open_clean</key>
	<integer>240311</integer>
	<key>index_mail_time_since_last_open_dirty</key>
	<integer>2406165</integer>
	<key>index_mail_time_since_merge_vacuum_end</key>
	<integer>47142</integer>
	<key>index_mail_time_since_merge_vacuum_start</key>
	<integer>47143</integer>
	<key>index_mail_time_since_sync_end</key>
	<integer>47025</integer>
	<key>index_mail_time_since_sync_start</key>
	<integer>47025</integer>
	<key>index_priority_age</key>
	<integer>10857563</integer>
	<key>index_priority_config</key>
	<integer>0</integer>
	<key>index_priority_count_add_journaled</key>
	<integer>4</integer>
	<key>index_priority_count_add_processed</key>
	<integer>4</integer>
	<key>index_priority_count_add_request</key>
	<integer>4</integer>
	<key>index_priority_count_delete_journaled</key>
	<integer>3</integer>
	<key>index_priority_count_delete_processed</key>
	<integer>1</integer>
	<key>index_priority_count_delete_request</key>
	<integer>2</integer>
	<key>index_priority_count_drop</key>
	<integer>0</integer>
	<key>index_priority_count_drop_total</key>
	<integer>0</integer>
	<key>index_priority_count_open_clean</key>
	<integer>0</integer>
	<key>index_priority_count_open_dirty</key>
	<integer>0</integer>
	<key>index_priority_count_update_journaled</key>
	<integer>232</integer>
	<key>index_priority_count_update_processed</key>
	<integer>227</integer>
	<key>index_priority_count_update_request</key>
	<integer>231</integer>
	<key>index_priority_max_index_gen_merge_level</key>
	<integer>1</integer>
	<key>index_priority_max_journal_file_bytes</key>
	<integer>214950</integer>
	<key>index_priority_num_file</key>
	<integer>95</integer>
	<key>index_priority_num_index_gen_compacted</key>
	<integer>1</integer>
	<key>index_priority_num_index_gen_non_compacted</key>
	<integer>1</integer>
	<key>index_priority_num_index_gen_read_only</key>
	<integer>1</integer>
	<key>index_priority_num_index_gen_writeable</key>
	<integer>1</integer>
	<key>index_priority_num_journal_file</key>
	<integer>3</integer>
	<key>index_priority_num_object_sdb</key>
	<integer>3234</integer>
	<key>index_priority_sdb_file_size_bytes</key>
	<integer>1675264</integer>
	<key>index_priority_sdb_shadow_file_size_bytes</key>
	<integer>1675264</integer>
	<key>index_priority_size_bytes</key>
	<integer>8694708</integer>
	<key>index_priority_time_since_last_open_clean</key>
	<integer>329228</integer>
	<key>index_priority_time_since_last_open_dirty</key>
	<integer>240311</integer>
	<key>index_priority_time_since_merge_end</key>
	<integer>1162475</integer>
	<key>index_priority_time_since_merge_start</key>
	<integer>1162490</integer>
	<key>index_priority_time_since_merge_vacuum_end</key>
	<integer>47131</integer>
	<key>index_priority_time_since_merge_vacuum_start</key>
	<integer>47136</integer>
	<key>index_priority_time_since_sync_end</key>
	<integer>216</integer>
	<key>index_priority_time_since_sync_start</key>
	<integer>216</integer>
	<key>system_fs_free_space_bytes</key>
	<integer>14522667008</integer>
	<key>system_fs_mount_flags</key>
	<integer>343969944</integer>
	<key>system_fs_total_space_bytes</key>
	<integer>255866785792</integer>
	<key>system_fs_type</key>
	<string>apfs</string>
	<key>system_total_ram_gb</key>
	<integer>4</integer>
	<key>system_volume_flags</key>
	<integer>18296925792237518977</integer>
	<key>time_since_last_heartbeat</key>
	<integer>29710</integer>
	<key>time_since_launch_1</key>
	<integer>240313</integer>
	<key>time_since_launch_2</key>
	<integer>329229</integer>
	<key>time_since_launch_3</key>
	<integer>395272</integer>
	<key>time_since_software_update</key>
	<integer>989392</integer>
	<key>version_build</key>
	<string>23E254</string>
	<key>version_build_previous</key>
	<string>23E246</string>
	<key>version_spotlight</key>
	<string>2418.4.13.104</string>
	<key>version_spotlight_previous</key>
	<string>2400.22</string>
	<key>version_train_previous</key>
	<string>23E246</string>
</dict>
</plist>
